[0, 0, -1, -1, -1, 1, 1, 1, -1, -1, -1, 2, -1, -1, -1, 3, 3, 3, -1, 4, 4, -1, 5, 5, 5, 5, -1, 6, 6, 6, 6, -1, 7, 7, 7, -1, 8, 8, 8, 8, 9, 9]
{0: (2, 0), 1: (3, 5), 2: (1, 11), 3: (3, 15), 4: (2, 19), 5: (4, 22), 6: (4, 27), 7: (3, 32), 8: (4, 36), 9: (2, 40)}
{(1, 18), (3, 8), (1, 31), (1, 21), (0, 40), (1, 26), (1, 35), (3, 12), (3, 2)}
[0, 0, -1, -1, -1, 1, 1, 1, -1, -1, -1, 2, -1, -1, -1, 3, 3, 3, -1, 4, 4, -1, 5, 5, 5, 5, -1, 6, 6, 6, 6, -1, 7, 7, 7, -1, 8, 8, 8, 8, 9, 9]
{(1, 18), (3, 8), (1, 31), (1, 21), (0, 40), (1, 26), (1, 35), (3, 12), (3, 2)}
(3, 2)
[0, 0, 9, 9, -1, 1, 1, 1, -1, -1, -1, 2, -1, -1, -1, 3, 3, 3, -1, 4, 4, -1, 5, 5, 5, 5, -1, 6, 6, 6, 6, -1, 7, 7, 7, -1, 8, 8, 8, 8, -1, -1]
{(1, 18), (3, 8), (1, 31), (1, 21), (1, 4), (0, 40), (1, 26), (1, 35), (3, 12)}
None
Not enough space
continue
[0, 0, 9, 9, -1, 1, 1, 1, -1, -1, -1, 2, -1, -1, -1, 3, 3, 3, -1, 4, 4, -1, 5, 5, 5, 5, -1, 6, 6, 6, 6, -1, 7, 7, 7, -1, 8, 8, 8, 8, -1, -1]
{(1, 18), (3, 8), (1, 31), (1, 21), (1, 4), (0, 40), (1, 26), (1, 35), (3, 12)}
(3, 8)
[0, 0, 9, 9, -1, 1, 1, 1, 7, 7, 7, 2, -1, -1, -1, 3, 3, 3, -1, 4, 4, -1, 5, 5, 5, 5, -1, 6, 6, 6, 6, -1, -1, -1, -1, -1, 8, 8, 8, 8, -1, -1]
{(1, 18), (1, 31), (1, 21), (1, 4), (0, 40), (1, 26), (1, 35), (3, 12)}
None
Not enough space
continue
[0, 0, 9, 9, -1, 1, 1, 1, 7, 7, 7, 2, -1, -1, -1, 3, 3, 3, -1, 4, 4, -1, 5, 5, 5, 5, -1, 6, 6, 6, 6, -1, -1, -1, -1, -1, 8, 8, 8, 8, -1, -1]
{(1, 18), (1, 31), (1, 21), (1, 4), (0, 40), (1, 26), (1, 35), (3, 12)}
None
Not enough space
continue
[0, 0, 9, 9, -1, 1, 1, 1, 7, 7, 7, 2, -1, -1, -1, 3, 3, 3, -1, 4, 4, -1, 5, 5, 5, 5, -1, 6, 6, 6, 6, -1, -1, -1, -1, -1, 8, 8, 8, 8, -1, -1]
{(1, 18), (1, 31), (1, 21), (1, 4), (0, 40), (1, 26), (1, 35), (3, 12)}
(3, 12)
[0, 0, 9, 9, -1, 1, 1, 1, 7, 7, 7, 2, 4, 4, -1, 3, 3, 3, -1, -1, -1, -1, 5, 5, 5, 5, -1, 6, 6, 6, 6, -1, -1, -1, -1, -1, 8, 8, 8, 8, -1, -1]
{(1, 18), (1, 31), (1, 21), (1, 14), (1, 4), (0, 40), (1, 26), (1, 35)}
None
Not enough space
continue
[0, 0, 9, 9, -1, 1, 1, 1, 7, 7, 7, 2, 4, 4, -1, 3, 3, 3, -1, -1, -1, -1, 5, 5, 5, 5, -1, 6, 6, 6, 6, -1, -1, -1, -1, -1, 8, 8, 8, 8, -1, -1]
{(1, 18), (1, 31), (1, 21), (1, 14), (1, 4), (0, 40), (1, 26), (1, 35)}
(1, 4)
[0, 0, 9, 9, 2, 1, 1, 1, 7, 7, 7, -1, 4, 4, -1, 3, 3, 3, -1, -1, -1, -1, 5, 5, 5, 5, -1, 6, 6, 6, 6, -1, -1, -1, -1, -1, 8, 8, 8, 8, -1, -1]
{(1, 18), (1, 31), (1, 21), (1, 14), (0, 40), (1, 26), (1, 35)}
None
Not enough space
continue
[0, 0, 9, 9, 2, 1, 1, 1, 7, 7, 7, -1, 4, 4, -1, 3, 3, 3, -1, -1, -1, -1, 5, 5, 5, 5, -1, 6, 6, 6, 6, -1, -1, -1, -1, -1, 8, 8, 8, 8, -1, -1]
{(1, 18), (1, 31), (1, 21), (1, 14), (0, 40), (1, 26), (1, 35)}
None
Not enough space
continue
[0, 0, 9, 9, 2, 1, 1, 1, 7, 7, 7, -1, 4, 4, -1, 3, 3, 3, -1, -1, -1, -1, 5, 5, 5, 5, -1, 6, 6, 6, 6, -1, -1, -1, -1, -1, 8, 8, 8, 8, -1, -1]
2858
