(140, 110, 135, 105)
218295000
6870
..............................1......................................................................
.........................................................................1...........................
.....................................................................................................
.......................................................................1..........................1..
................................................1...........1............1........1..................
..................................1................................1..1..............................
.......................................................................1.............................
1....................................................................................................
..1....................................................1.............................................
................1....1...................1.....1....................................1................
.....................................................................................................
.....................................................................................................
..........................1...................1......................................................
.....................................................................................1..1............
.......................1............................1................................................
......................................1.........1............................1.......1...............
...........................1.........................................................................
..........................................................................1..........................
.......................................1.................................1....................1....1.
.....................................................................................................
............................................................................1........................
.....................................................................................................
...................................................................1..............................1..
..............1.........................................1........11..................................
.............................1..............1........................................................
.....................................................................................................
.....................................................................................................
..................1...................1111111111111111111111111111111...1...........................1
......................................1.............................1.1..............................
......................................1.............................1................................
...1..................................1.............................1.............................1..
...............1......................1.............................1................................
......................................1..............1..............1......................1.........
......................................1.............111.............1................................
....1.................................1............11111............1................................
......1.......................1.......1...........1111111...........1................................
......................................1..........111111111..........1................................
..................1...................1............11111............1................................
..........1...........................1...........1111111...........1............................1...
......................................1..........111111111..........1................................
...........................1..........1.........11111111111.........1................................
.....................1................1........1111111111111........1.....1..........................
....................................1.1..........111111111..........1................................
......................................1.........11111111111.........1................................
......................................1........1111111111111........1.......1........................
........1.............................1.......111111111111111.......1................................
......................................1......11111111111111111......1................................
...............................1......1........1111111111111........1................................
......................................1.......111111111111111.......1...........1....................
.......1..............................1......11111111111111111......1...............1.....1..........
......................................1.....1111111111111111111.....1................................
......................................1....111111111111111111111....1.1............1.............1...
......................................1.............111.............1................................
....1.................................1.............111.............1.1..............................
...............1......................1.............111.............1................................
.................1....................1.............................1..................1.............
......................................1.............................1................................
.................1...........1........1.............................1................................
..............1.......................1.............................1................................
........1.............................1111111111111111111111111111111................................
.....................................................................................................
.....................................................................................................
........1............................................................................................
...1...........1...................................................................................1.
.....................................................................................................
.....................................................................................................
.............................................................................1.......................
...................1......1...............................................1..........................
..........................................................1..........................................
.................................................................................1...................
...............................1.......................1.............................................
.....................................................................................................
.....................................................................................................
.....................................................................................................
....................................................................1................................
....1.....................1................................1.........................................
................................................1.................................................1..
.................................................1........................................1..........
............1........................................................................................
.......................................................................1..........................1..
...1...............................................................1.................................
.....................................................................................................
.1...........................1..................................................1....................
..................1....................1....1..............................1..................1......
............................................1.............................................1..........
.............1.......1.......................................................1.......................
..................1..................1..........1.....................1..............................
...1.....1....................1............................................1.........................
............11.......................................................................................
........................1.....................................1......................................
.........................1...........................................................................
............................................................1.........1..............................
.....................................................................................................
......................................................1.......1..........1...........................
................1....................................................................................
.....................................................................................................
.....................................................................................................
.........................................................1...........................................
1....................................................................................................
......................1..............................................................................
........1...............................................1....1.......................................
.1..............1....................................................................................
.....................................................................................................
17273
..............................1......................................................................
.........................................................................1...........................
.....................................................................................................
.......................................................................1..........................1..
................................................1...........1............1........1..................
..................................1................................1..1..............................
.......................................................................1.............................
1....................................................................................................
..1....................................................1.............................................
................1....1...................1.....1....................................1................
.....................................................................................................
.....................................................................................................
..........................1...................1......................................................
.....................................................................................1..1............
.......................1............................1................................................
......................................1.........1............................1.......1...............
...........................1.........................................................................
..........................................................................1..........................
.......................................1.................................1....................1....1.
.....................................................................................................
............................................................................1........................
.....................................................................................................
...................................................................1..............................1..
..............1.........................................1........11..................................
.............................1..............1........................................................
.....................................................................................................
.....................................................................................................
..................1...................1111111111111111111111111111111...1...........................1
......................................1.............................1.1..............................
......................................1.............................1................................
...1..................................1.............................1.............................1..
...............1......................1.............................1................................
......................................1..............1..............1......................1.........
......................................1.............111.............1................................
....1.................................1............11111............1................................
......1.......................1.......1...........1111111...........1................................
......................................1..........111111111..........1................................
..................1...................1............11111............1................................
..........1...........................1...........1111111...........1............................1...
......................................1..........111111111..........1................................
...........................1..........1.........11111111111.........1................................
.....................1................1........1111111111111........1.....1..........................
....................................1.1..........111111111..........1................................
......................................1.........11111111111.........1................................
......................................1........1111111111111........1.......1........................
........1.............................1.......111111111111111.......1................................
......................................1......11111111111111111......1................................
...............................1......1........1111111111111........1................................
......................................1.......111111111111111.......1...........1....................
.......1..............................1......11111111111111111......1...............1.....1..........
......................................1.....1111111111111111111.....1................................
......................................1....111111111111111111111....1.1............1.............1...
......................................1.............111.............1................................
....1.................................1.............111.............1.1..............................
...............1......................1.............111.............1................................
.................1....................1.............................1..................1.............
......................................1.............................1................................
.................1...........1........1.............................1................................
..............1.......................1.............................1................................
........1.............................1111111111111111111111111111111................................
.....................................................................................................
.....................................................................................................
........1............................................................................................
...1...........1...................................................................................1.
.....................................................................................................
.....................................................................................................
.............................................................................1.......................
...................1......1...............................................1..........................
..........................................................1..........................................
.................................................................................1...................
...............................1.......................1.............................................
.....................................................................................................
.....................................................................................................
.....................................................................................................
....................................................................1................................
....1.....................1................................1.........................................
................................................1.................................................1..
.................................................1........................................1..........
............1........................................................................................
.......................................................................1..........................1..
...1...............................................................1.................................
.....................................................................................................
.1...........................1..................................................1....................
..................1....................1....1..............................1..................1......
............................................1.............................................1..........
.............1.......1.......................................................1.......................
..................1..................1..........1.....................1..............................
...1.....1....................1............................................1.........................
............11.......................................................................................
........................1.....................................1......................................
.........................1...........................................................................
............................................................1.........1..............................
.....................................................................................................
......................................................1.......1..........1...........................
................1....................................................................................
.....................................................................................................
.....................................................................................................
.........................................................1...........................................
1....................................................................................................
......................1..............................................................................
........1...............................................1....1.......................................
.1..............1....................................................................................
.....................................................................................................
27676
..............................1......................................................................
.........................................................................1...........................
.....................................................................................................
.......................................................................1..........................1..
................................................1...........1............1........1..................
..................................1................................1..1..............................
.......................................................................1.............................
1....................................................................................................
..1....................................................1.............................................
................1....1...................1.....1....................................1................
.....................................................................................................
.....................................................................................................
..........................1...................1......................................................
.....................................................................................1..1............
.......................1............................1................................................
......................................1.........1............................1.......1...............
...........................1.........................................................................
..........................................................................1..........................
.......................................1.................................1....................1....1.
.....................................................................................................
............................................................................1........................
.....................................................................................................
...................................................................1..............................1..
..............1.........................................1........11..................................
.............................1..............1........................................................
.....................................................................................................
.....................................................................................................
..................1...................1111111111111111111111111111111...1...........................1
......................................1.............................1.1..............................
......................................1.............................1................................
...1..................................1.............................1.............................1..
...............1......................1.............................1................................
......................................1..............1..............1......................1.........
......................................1.............111.............1................................
....1.................................1............11111............1................................
......1.......................1.......1...........1111111...........1................................
......................................1..........111111111..........1................................
..................1...................1............11111............1................................
..........1...........................1...........1111111...........1............................1...
......................................1..........111111111..........1................................
...........................1..........1.........11111111111.........1................................
.....................1................1........1111111111111........1.....1..........................
....................................1.1..........111111111..........1................................
......................................1.........11111111111.........1................................
......................................1........1111111111111........1.......1........................
........1.............................1.......111111111111111.......1................................
......................................1......11111111111111111......1................................
...............................1......1........1111111111111........1................................
......................................1.......111111111111111.......1...........1....................
.......1..............................1......11111111111111111......1...............1.....1..........
......................................1.....1111111111111111111.....1................................
......................................1....111111111111111111111....1.1............1.............1...
......................................1.............111.............1................................
....1.................................1.............111.............1.1..............................
...............1......................1.............111.............1................................
.................1....................1.............................1..................1.............
......................................1.............................1................................
.................1...........1........1.............................1................................
..............1.......................1.............................1................................
........1.............................1111111111111111111111111111111................................
.....................................................................................................
.....................................................................................................
........1............................................................................................
...1...........1...................................................................................1.
.....................................................................................................
.....................................................................................................
.............................................................................1.......................
...................1......1...............................................1..........................
..........................................................1..........................................
.................................................................................1...................
...............................1.......................1.............................................
.....................................................................................................
.....................................................................................................
.....................................................................................................
....................................................................1................................
....1.....................1................................1.........................................
................................................1.................................................1..
.................................................1........................................1..........
............1........................................................................................
.......................................................................1..........................1..
...1...............................................................1.................................
.....................................................................................................
.1...........................1..................................................1....................
..................1....................1....1..............................1..................1......
............................................1.............................................1..........
.............1.......1.......................................................1.......................
..................1..................1..........1.....................1..............................
...1.....1....................1............................................1.........................
............11.......................................................................................
........................1.....................................1......................................
.........................1...........................................................................
............................................................1.........1..............................
.....................................................................................................
......................................................1.......1..........1...........................
................1....................................................................................
.....................................................................................................
.....................................................................................................
.........................................................1...........................................
1....................................................................................................
......................1..............................................................................
........1...............................................1....1.......................................
.1..............1....................................................................................
.....................................................................................................
38079
..............................1......................................................................
.........................................................................1...........................
.....................................................................................................
.......................................................................1..........................1..
................................................1...........1............1........1..................
..................................1................................1..1..............................
.......................................................................1.............................
1....................................................................................................
..1....................................................1.............................................
................1....1...................1.....1....................................1................
.....................................................................................................
.....................................................................................................
..........................1...................1......................................................
.....................................................................................1..1............
.......................1............................1................................................
......................................1.........1............................1.......1...............
...........................1.........................................................................
..........................................................................1..........................
.......................................1.................................1....................1....1.
.....................................................................................................
............................................................................1........................
.....................................................................................................
...................................................................1..............................1..
..............1.........................................1........11..................................
.............................1..............1........................................................
.....................................................................................................
.....................................................................................................
..................1...................1111111111111111111111111111111...1...........................1
......................................1.............................1.1..............................
......................................1.............................1................................
...1..................................1.............................1.............................1..
...............1......................1.............................1................................
......................................1..............1..............1......................1.........
......................................1.............111.............1................................
....1.................................1............11111............1................................
......1.......................1.......1...........1111111...........1................................
......................................1..........111111111..........1................................
..................1...................1............11111............1................................
..........1...........................1...........1111111...........1............................1...
......................................1..........111111111..........1................................
...........................1..........1.........11111111111.........1................................
.....................1................1........1111111111111........1.....1..........................
....................................1.1..........111111111..........1................................
......................................1.........11111111111.........1................................
......................................1........1111111111111........1.......1........................
........1.............................1.......111111111111111.......1................................
......................................1......11111111111111111......1................................
...............................1......1........1111111111111........1................................
......................................1.......111111111111111.......1...........1....................
.......1..............................1......11111111111111111......1...............1.....1..........
......................................1.....1111111111111111111.....1................................
......................................1....111111111111111111111....1.1............1.............1...
......................................1.............111.............1................................
....1.................................1.............111.............1.1..............................
...............1......................1.............111.............1................................
.................1....................1.............................1..................1.............
......................................1.............................1................................
.................1...........1........1.............................1................................
..............1.......................1.............................1................................
........1.............................1111111111111111111111111111111................................
.....................................................................................................
.....................................................................................................
........1............................................................................................
...1...........1...................................................................................1.
.....................................................................................................
.....................................................................................................
.............................................................................1.......................
...................1......1...............................................1..........................
..........................................................1..........................................
.................................................................................1...................
...............................1.......................1.............................................
.....................................................................................................
.....................................................................................................
.....................................................................................................
....................................................................1................................
....1.....................1................................1.........................................
................................................1.................................................1..
.................................................1........................................1..........
............1........................................................................................
.......................................................................1..........................1..
...1...............................................................1.................................
.....................................................................................................
.1...........................1..................................................1....................
..................1....................1....1..............................1..................1......
............................................1.............................................1..........
.............1.......1.......................................................1.......................
..................1..................1..........1.....................1..............................
...1.....1....................1............................................1.........................
............11.......................................................................................
........................1.....................................1......................................
.........................1...........................................................................
............................................................1.........1..............................
.....................................................................................................
......................................................1.......1..........1...........................
................1....................................................................................
.....................................................................................................
.....................................................................................................
.........................................................1...........................................
1....................................................................................................
......................1..............................................................................
........1...............................................1....1.......................................
.1..............1....................................................................................
.....................................................................................................
48482
..............................1......................................................................
.........................................................................1...........................
.....................................................................................................
.......................................................................1..........................1..
................................................1...........1............1........1..................
..................................1................................1..1..............................
.......................................................................1.............................
1....................................................................................................
..1....................................................1.............................................
................1....1...................1.....1....................................1................
.....................................................................................................
.....................................................................................................
..........................1...................1......................................................
.....................................................................................1..1............
.......................1............................1................................................
......................................1.........1............................1.......1...............
...........................1.........................................................................
..........................................................................1..........................
.......................................1.................................1....................1....1.
.....................................................................................................
............................................................................1........................
.....................................................................................................
...................................................................1..............................1..
..............1.........................................1........11..................................
.............................1..............1........................................................
.....................................................................................................
.....................................................................................................
..................1...................1111111111111111111111111111111...1...........................1
......................................1.............................1.1..............................
......................................1.............................1................................
...1..................................1.............................1.............................1..
...............1......................1.............................1................................
......................................1..............1..............1......................1.........
......................................1.............111.............1................................
....1.................................1............11111............1................................
......1.......................1.......1...........1111111...........1................................
......................................1..........111111111..........1................................
..................1...................1............11111............1................................
..........1...........................1...........1111111...........1............................1...
......................................1..........111111111..........1................................
...........................1..........1.........11111111111.........1................................
.....................1................1........1111111111111........1.....1..........................
....................................1.1..........111111111..........1................................
......................................1.........11111111111.........1................................
......................................1........1111111111111........1.......1........................
........1.............................1.......111111111111111.......1................................
......................................1......11111111111111111......1................................
...............................1......1........1111111111111........1................................
......................................1.......111111111111111.......1...........1....................
.......1..............................1......11111111111111111......1...............1.....1..........
......................................1.....1111111111111111111.....1................................
......................................1....111111111111111111111....1.1............1.............1...
......................................1.............111.............1................................
....1.................................1.............111.............1.1..............................
...............1......................1.............111.............1................................
.................1....................1.............................1..................1.............
......................................1.............................1................................
.................1...........1........1.............................1................................
..............1.......................1.............................1................................
........1.............................1111111111111111111111111111111................................
.....................................................................................................
.....................................................................................................
........1............................................................................................
...1...........1...................................................................................1.
.....................................................................................................
.....................................................................................................
.............................................................................1.......................
...................1......1...............................................1..........................
..........................................................1..........................................
.................................................................................1...................
...............................1.......................1.............................................
.....................................................................................................
.....................................................................................................
.....................................................................................................
....................................................................1................................
....1.....................1................................1.........................................
................................................1.................................................1..
.................................................1........................................1..........
............1........................................................................................
.......................................................................1..........................1..
...1...............................................................1.................................
.....................................................................................................
.1...........................1..................................................1....................
..................1....................1....1..............................1..................1......
............................................1.............................................1..........
.............1.......1.......................................................1.......................
..................1..................1..........1.....................1..............................
...1.....1....................1............................................1.........................
............11.......................................................................................
........................1.....................................1......................................
.........................1...........................................................................
............................................................1.........1..............................
.....................................................................................................
......................................................1.......1..........1...........................
................1....................................................................................
.....................................................................................................
.....................................................................................................
.........................................................1...........................................
1....................................................................................................
......................1..............................................................................
........1...............................................1....1.......................................
.1..............1....................................................................................
.....................................................................................................
