[(51, 11), (38, 78), (10000000016146, 10000000003706)]
(112359550876, 112359550565)
449438203193
[(49, 16), (27, 68), (10000000000273, 10000000005932)]
(141379310296, 113793103547)
537931034435
[(62, 26), (14, 72), (10000000005778, 10000000005994)]
None
[(59, 16), (13, 33), (10000000002588, 10000000004419)]
(115008625663, 247268545267)
592294422256
[(12, 54), (84, 30), (10000000006264, 10000000003132)]
None
[(17, 36), (24, 11), (10000000009386, 10000000010508)]
(192023633898, 280649926380)
856720828074
[(86, 16), (53, 99), (10000000009224, 10000000004212)]
None
[(49, 19), (17, 29), (10000000008562, 10000000002808)]
(109289617669, 273224043693)
601092896700
[(94, 33), (76, 99), (10000000013170, 10000000010626)]
None
[(31, 83), (30, 13), (10000000002342, 10000000005328)]
None
[(19, 70), (91, 57), (10000000009831, 10000000010341)]
None
[(17, 53), (42, 19), (10000000018363, 10000000006523)]
(120861797123, 189174987316)
551760378685
[(23, 53), (54, 25), (10000000019213, 10000000010463)]
(126803672971, 131176213720)
511587232633
[(82, 59), (12, 30), (10000000000962, 10000000019691)]
(102739725909, 131278539702)
439497717429
[(87, 39), (41, 85), (10000000005806, 10000000005534)]
None
[(50, 22), (12, 40), (10000000009012, 10000000012484)]
(161290322702, 161290322826)
645161290932
[(12, 77), (54, 40), (10000000005808, 10000000009070)]
None
[(23, 55), (22, 12), (10000000007262, 10000000009212)]
(107066381280, 342612419901)
663811563741
[(37, 72), (48, 18), (10000000013728, 10000000019538)]
(107526881968, 125448028769)
448028674673
[(47, 13), (19, 68), (10000000010217, 10000000000353)]
(166158019901, 115293319730)
613767379433
[(19, 78), (64, 11), (10000000006429, 10000000018831)]
(110809115855, 123353543831)
455780891396
[(68, 39), (18, 39), (10000000014100, 10000000013250)]
(107692307852, 148717948898)
471794872454
[(36, 16), (30, 43), (10000000001212, 10000000001488)]
None
[(65, 66), (52, 13), (10000000008502, 10000000005210)]
None
[(11, 52), (46, 15), (10000000017383, 10000000016691)]
(139200718683, 184104176345)
601706332394
[(18, 62), (40, 14), (10000000011606, 10000000011752)]
(116696589007, 197486535237)
547576302258
[(64, 13), (22, 84), (10000000006838, 10000000014971)]
(121807465667, 100196463825)
465618860826
[(48, 74), (36, 14), (10000000015608, 10000000019390)]
(110441767309, 130522088466)
461847390393
[(21, 38), (46, 13), (10000000011724, 10000000004297)]
(223728813590, 115254237529)
786440678299
[(83, 59), (32, 78), (10000000003043, 10000000004981)]
None
[(84, 44), (19, 36), (10000000008075, 10000000006548)]
None
[(93, 82), (14, 82), (10000000008616, 10000000013448)]
None
[(50, 16), (13, 66), (10000000008478, 10000000008144)]
(171410090703, 109961190256)
624191462365
[(65, 11), (21, 71), (10000000015378, 10000000013478)]
(114051095075, 123175182643)
465328467868
[(86, 32), (32, 94), (10000000010188, 10000000008306)]
None
[(56, 89), (81, 29), (10000000007731, 10000000009594)]
None
[(16, 67), (56, 15), (10000000014112, 10000000007986)]
(116742596878, 145216401144)
495444191778
[(25, 92), (46, 43), (10000000003915, 10000000006199)]
None
[(64, 22), (31, 72), (10000000019601, 10000000011484)]
(104431992118, 106979113679)
420275090033
[(75, 32), (12, 59), (10000000007142, 10000000017241)]
(116307844646, 106409304891)
455332838829
[(15, 37), (22, 15), (10000000016767, 10000000014005)]
(118845500945, 373514431936)
730050934771
[(69, 45), (13, 34), (10000000013399, 10000000013150)]
(119250426056, 136286201195)
494037479363
[(12, 95), (34, 43), (10000000002226, 10000000007445)]
None
[(30, 72), (63, 15), (10000000019817, 10000000003335)]
(117474302475, 102790015009)
455212922434
[(38, 65), (52, 21), (10000000014800, 10000000008406)]
(120061967516, 104570100946)
464756003494
[(44, 70), (43, 13), (10000000003023, 10000000002767)]
(123051681739, 106644790849)
475799836066
[(29, 72), (47, 12), (10000000018585, 10000000005444)]
(115283267468, 141633728979)
487483531383
[(46, 93), (88, 26), (10000000004466, 10000000005687)]
None
[(12, 78), (89, 67), (10000000008782, 10000000006956)]
None
[(14, 47), (79, 37), (10000000019474, 10000000014377)]
(131455399191, 103286385200)
497652582773
[(84, 62), (35, 87), (10000000009870, 10000000012056)]
None
[(52, 67), (47, 12), (10000000008019, 10000000006399)]
None
[(58, 15), (15, 46), (10000000005308, 10000000014885)]
(126893164151, 176013098970)
556692591423
[(15, 87), (49, 36), (10000000005263, 10000000010173)]
None
[(42, 91), (96, 20), (10000000007362, 10000000002603)]
None
[(23, 32), (68, 17), (10000000006489, 10000000003906)]
None
[(14, 35), (44, 26), (10000000018884, 10000000013730)]
(153061224586, 178571428970)
637755102728
[(96, 23), (14, 45), (10000000002052, 10000000001741)]
None
[(45, 12), (73, 87), (10000000009082, 10000000006744)]
None
[(76, 95), (69, 23), (10000000010338, 10000000009507)]
None
[(19, 45), (49, 33), (10000000003493, 10000000004889)]
(101394169914, 164765526023)
468948035765
[(19, 68), (36, 27), (10000000002483, 10000000004711)]
None
[(14, 44), (76, 40), (10000000001176, 10000000018144)]
(129310345306, 107758620617)
495689656535
[(71, 30), (11, 34), (10000000001722, 10000000001788)]
(110364683320, 196737044182)
527831094142
[(70, 14), (13, 48), (10000000015826, 10000000003506)]
(110132158815, 176211453752)
506607930197
[(16, 86), (24, 11), (10000000001736, 10000000001897)]
None
[(19, 46), (40, 20), (10000000003434, 10000000005956)]
(136986301486, 184931506880)
595890411338
[(29, 76), (60, 13), (10000000000652, 10000000010334)]
(112359550708, 112359550502)
449438202626
[(51, 16), (11, 88), (10000000001148, 10000000005264)]
None
[(56, 74), (69, 19), (10000000005731, 10000000005913)]
None
[(97, 13), (35, 87), (10000000008825, 10000000007109)]
None
[(13, 97), (82, 36), (10000000008277, 10000000009933)]
None
[(20, 78), (98, 50), (10000000010512, 10000000009770)]
None
[(16, 59), (74, 15), (10000000012152, 10000000003677)]
(142995637443, 104217159636)
533204071965
[(59, 28), (12, 97), (10000000001281, 10000000003621)]
None
[(57, 16), (26, 68), (10000000009838, 10000000004304)]
(121387283398, 118497109852)
482658960046
[(62, 30), (17, 40), (10000000004604, 10000000015530)]
(116751268995, 162436548642)
512690355627
[(23, 43), (61, 35), (10000000006302, 10000000006328)]
None
[(24, 58), (76, 50), (10000000007264, 10000000004990)]
None
[(60, 14), (15, 47), (10000000015905, 10000000011499)]
(122605364205, 176245210907)
544061303522
[(60, 21), (28, 71), (10000000010440, 10000000003544)]
(117102396689, 106209150325)
457516340392
[(58, 79), (79, 23), (10000000011945, 10000000008571)]
None
[(84, 39), (59, 89), (10000000010972, 10000000010762)]
None
[(66, 11), (30, 29), (10000000008274, 10000000003035)]
None
[(12, 46), (38, 14), (10000000001074, 10000000002142)]
None
[(39, 75), (63, 31), (10000000004113, 10000000002861)]
None
[(11, 48), (60, 23), (10000000006374, 10000000006559)]
None
[(82, 32), (32, 73), (10000000008438, 10000000003898)]
None
[(61, 69), (13, 92), (10000000005963, 10000000013547)]
None
[(53, 13), (24, 56), (10000000003878, 10000000014454)]
(120481927662, 150602409908)
512048192894
[(69, 19), (60, 88), (10000000011541, 10000000009611)]
None
[(99, 17), (69, 74), (10000000007701, 10000000001571)]
None
[(12, 16), (53, 12), (10000000004613, 10000000001868)]
None
[(29, 46), (76, 30), (10000000007025, 10000000003084)]
None
[(41, 96), (89, 47), (10000000003940, 10000000005352)]
None
[(16, 70), (58, 13), (10000000014844, 10000000001830)]
(116822429884, 140186916150)
490654205802
[(37, 76), (48, 23), (10000000003037, 10000000002912)]
None
[(19, 56), (53, 23), (10000000008795, 10000000001122)]
(118530225151, 146187277942)
501777953395
[(16, 57), (73, 22), (10000000007196, 10000000009582)]
(133893410486, 107639800540)
509320031998
[(28, 81), (81, 31), (10000000009565, 10000000007948)]
None
[(28, 83), (79, 53), (10000000001757, 10000000003940)]
None
[(47, 15), (20, 43), (10000000009073, 10000000016137)]
(133643230719, 185938408264)
586868100421
[(12, 59), (34, 15), (10000000001408, 10000000015815)]
(104052574215, 257393209142)
569550931787
[(67, 82), (54, 12), (10000000007393, 10000000007750)]
None
[(16, 42), (60, 24), (10000000008492, 10000000006932)]
(168539325942, 121722846557)
627340824383
[(63, 22), (26, 39), (10000000006160, 10000000002570)]
None
[(29, 50), (39, 14), (10000000007277, 10000000006706)]
(161917098549, 136010362804)
621761658451
[(75, 30), (15, 85), (10000000001275, 10000000004855)]
None
[(56, 80), (99, 29), (10000000010204, 10000000006932)]
None
[(39, 76), (59, 23), (10000000002603, 10000000018618)]
(100362420139, 103150264698)
404237525115
[(55, 22), (11, 21), (10000000008790, 10000000016090)]
(109529025200, 361445783890)
690032859490
[(59, 27), (20, 49), (10000000008642, 10000000000989)]
(123351765378, 136112292567)
506167588701
[(46, 18), (11, 56), (10000000000701, 10000000006206)]
(189234650955, 117746005161)
685449958026
[(89, 36), (21, 50), (10000000001986, 10000000002090)]
None
[(67, 39), (23, 45), (10000000003283, 10000000007841)]
(103871576944, 132200189045)
443814919877
[(14, 38), (53, 21), (10000000015486, 10000000005782)]
(186046511617, 139534884016)
697674418867
[(55, 82), (34, 13), (10000000003881, 10000000005654)]
(101302460271, 130246020264)
434153401077
[(70, 93), (81, 22), (10000000007456, 10000000008536)]
None
[(57, 20), (23, 70), (10000000002748, 10000000001150)]
None
[(13, 52), (65, 24), (10000000002252, 10000000013208)]
(133637549154, 127118644050)
528031291512
[(43, 26), (33, 94), (10000000003682, 10000000004892)]
None
[(12, 66), (59, 37), (10000000002237, 10000000003391)]
None
[(29, 44), (41, 15), (10000000002883, 10000000014474)]
(189919649781, 109569028274)
679327977617
[(58, 23), (26, 69), (10000000018548, 10000000000790)]
(126321974518, 102820211404)
481786134958
[(15, 48), (34, 14), (10000000006766, 10000000003120)]
(140646976098, 232067510744)
654008439038
[(99, 62), (20, 71), (10000000010131, 10000000010204)]
None
[(82, 53), (49, 98), (10000000004986, 10000000008529)]
None
[(58, 19), (17, 64), (10000000018319, 10000000016836)]
(138683977836, 115078194343)
531130127851
[(24, 61), (51, 15), (10000000016619, 10000000005249)]
(130861504914, 134496547033)
527081061775
[(40, 15), (15, 28), (10000000014600, 10000000011862)]
(145251396906, 279329609224)
715083799942
[(69, 94), (96, 38), (10000000009843, 10000000005430)]
None
[(64, 18), (37, 57), (10000000001690, 10000000001314)]
None
[(32, 88), (49, 17), (10000000003211, 10000000001883)]
None
[(21, 81), (56, 13), (10000000004211, 10000000009104)]
(100867933487, 140745953589)
443349754050
[(24, 57), (62, 29), (10000000008984, 10000000009446)]
(116279069882, 116279069868)
465116279514
[(16, 38), (36, 17), (10000000005120, 10000000013756)]
(173357664606, 200729926984)
720802920802
[(16, 58), (33, 16), (10000000002125, 10000000001382)]
None
[(32, 18), (34, 81), (10000000004858, 10000000008487)]
None
[(26, 63), (59, 11), (10000000007428, 10000000001346)]
(139900903526, 107840279928)
527542990506
[(12, 18), (39, 17), (10000000003768, 10000000002166)]
None
[(51, 21), (21, 68), (10000000002031, 10000000001964)]
None
[(18, 44), (32, 16), (10000000001642, 10000000002396)]
None
[(76, 21), (15, 58), (10000000014609, 10000000010087)]
(105057415269, 134375763611)
449548009418
[(80, 14), (11, 66), (10000000017960, 10000000010392)]
(107296137548, 128755364920)
450643777564
[(11, 27), (70, 29), (10000000007280, 10000000016804)]
(260980267960, 101845957996)
884786761876
[(13, 69), (41, 14), (10000000003560, 10000000015352)]
(102002266936, 211560256912)
517567057720
[(21, 82), (79, 58), (10000000003112, 10000000008144)]
None
[(65, 17), (32, 80), (10000000011536, 10000000019696)]
(103092783568, 103092783738)
412371134442
[(15, 77), (72, 16), (10000000004748, 10000000014316)]
(105580693996, 116892911039)
433634993027
[(44, 18), (48, 77), (10000000000944, 10000000008166)]
(114896988780, 103011093638)
447702059978
[(59, 81), (84, 31), (10000000011871, 10000000009889)]
None
[(84, 25), (34, 40), (10000000010454, 10000000005950)]
None
[(42, 87), (26, 15), (10000000002418, 10000000003027)]
None
[(74, 15), (11, 75), (10000000007287, 10000000007385)]
(118848653754, 109563602681)
466109563943
[(61, 25), (61, 94), (10000000003782, 10000000002378)]
None
[(21, 47), (61, 42), (10000000006148, 10000000004591)]
None
[(15, 31), (54, 26), (10000000008996, 10000000000300)]
(218068535656, 124610592114)
778816199082
[(44, 15), (26, 65), (10000000002162, 10000000004835)]
None
[(15, 65), (77, 27), (10000000003721, 10000000014871)]
(108695652401, 108695652178)
434782609381
[(18, 54), (96, 85), (10000000002700, 10000000005055)]
None
[(75, 24), (14, 65), (10000000013006, 10000000009742)]
(112359550718, 112359550654)
449438202808
[(84, 22), (80, 81), (10000000004768, 10000000001549)]
None
[(67, 13), (26, 90), (10000000007217, 10000000007687)]
None
[(17, 38), (64, 26), (10000000005849, 10000000013186)]
(190954774217, 105527638190)
678391960841
[(24, 84), (67, 13), (10000000004194, 10000000015954)]
(101580135631, 112866817150)
417607224043
[(81, 16), (89, 98), (10000000005807, 10000000001710)]
None
[(58, 42), (12, 31), (10000000011756, 10000000017980)]
(146831530254, 123647604752)
564142195514
[(71, 31), (24, 60), (10000000000487, 10000000008439)]
(102389078449, 113765642942)
420932878289
[(14, 30), (54, 36), (10000000002868, 10000000000824)]
(161290322528, 143369175694)
627240143278
[(20, 50), (57, 35), (10000000014224, 10000000002120)]
(102325581220, 139534884032)
446511627692
[(50, 90), (52, 27), (10000000008558, 10000000010143)]
None
[(18, 56), (59, 29), (10000000009187, 10000000006331)]
(107836089183, 136592379727)
460100647276
[(42, 12), (17, 43), (10000000002076, 10000000007726)]
(162297128563, 187265917790)
674157303479
[(16, 71), (57, 12), (10000000016784, 10000000008489)]
(116731517583, 142671855008)
492866407757
[(17, 34), (97, 44), (10000000007236, 10000000005622)]
None
[(12, 34), (70, 45), (10000000008912, 10000000006744)]
(135869565256, 119565217512)
527173913280
[(51, 15), (27, 61), (10000000018809, 10000000005569)]
(125646711381, 133037694014)
509977828157
[(35, 19), (14, 50), (10000000019450, 10000000018814)]
(242587601556, 107816711785)
835579516453
[(32, 60), (89, 38), (10000000005907, 10000000005534)]
None
[(26, 66), (82, 64), (10000000005058, 10000000005776)]
None
[(11, 58), (33, 12), (10000000003421, 10000000005888)]
None
[(67, 22), (39, 54), (10000000003615, 10000000002670)]
None
[(54, 11), (25, 60), (10000000004322, 10000000003098)]
(118043844918, 145025295150)
499156829904
[(23, 65), (67, 28), (10000000013907, 10000000008288)]
(105092966900, 113177041421)
428455942121
[(81, 40), (12, 48), (10000000006386, 10000000017280)]
(105633802846, 120305164655)
437206573193
[(28, 76), (66, 16), (10000000017828, 10000000007740)]
(109457092869, 105078809356)
433450087963
[(75, 42), (15, 41), (10000000002630, 10000000005829)]
(106339468311, 134969325287)
453987730220
[(41, 16), (27, 69), (10000000011413, 10000000017601)]
(175219023910, 104297038189)
629954109919
[(21, 50), (47, 17), (10000000003152, 10000000007762)]
(150526844110, 145509282486)
597089814816
[(23, 49), (59, 23), (10000000011332, 10000000018758)]
(152413209503, 110076206657)
567315835166
[(17, 48), (35, 16), (10000000006295, 10000000018640)]
(134943182210, 220170454535)
625000001165
[(21, 36), (46, 22), (10000000003066, 10000000003864)]
(201005025218, 125628140728)
728643216382
[(14, 49), (32, 17), (10000000006780, 10000000002055)]
(112781954850, 263157894965)
601503759515
[(51, 11), (74, 96), (10000000002837, 10000000002853)]
None
[(57, 93), (95, 42), (10000000007296, 10000000007158)]
None
[(40, 19), (26, 42), (10000000002502, 10000000004213)]
(134907251261, 177065767387)
581787521170
[(53, 26), (12, 31), (10000000003646, 10000000003873)]
None
[(49, 30), (13, 32), (10000000003161, 10000000007930)]
(161290322579, 161290322830)
645161290567
[(92, 11), (49, 47), (10000000001852, 10000000000386)]
None
[(76, 22), (18, 63), (10000000010332, 10000000003330)]
(102459016528, 122950819678)
430327869262
[(29, 79), (91, 74), (10000000008448, 10000000008754)]
None
[(68, 26), (22, 68), (10000000017792, 10000000007910)]
(113524185843, 103652517294)
444225074823
[(63, 27), (20, 45), (10000000010536, 10000000012419)]
(108932461972, 156862745315)
483660131231
[(54, 21), (41, 63), (10000000000974, 10000000000567)]
None
[(75, 42), (18, 74), (10000000001830, 10000000001664)]
None
[(46, 22), (36, 68), (10000000005880, 10000000008632)]
(136986301408, 102739726142)
513698630366
[(61, 17), (23, 57), (10000000000130, 10000000011968)]
(110174983711, 142579391033)
473104342166
[(97, 32), (19, 64), (10000000004201, 10000000002656)]
None
[(48, 14), (11, 53), (10000000017093, 10000000002449)]
(175732217941, 142259414175)
669456067998
[(72, 25), (16, 44), (10000000006464, 10000000012960)]
(101156069392, 169797688140)
473265896316
[(73, 35), (14, 52), (10000000012126, 10000000014254)]
(114942528866, 114942528922)
459770115520
[(18, 35), (52, 13), (10000000010222, 10000000004469)]
(245901639407, 107187894248)
844892812469
[(35, 17), (17, 46), (10000000017266, 10000000002037)]
(219530659167, 136260408613)
794852386114
[(41, 63), (39, 18), (10000000012760, 10000000013355)]
(122164049035, 127981384675)
494473531780
[(11, 37), (90, 66), (10000000008789, 10000000008731)]
None
[(25, 66), (53, 22), (10000000019199, 10000000007866)]
(105156037990, 139077340933)
454545454903
[(15, 64), (53, 20), (10000000015758, 10000000014104)]
(106727037656, 158473480206)
478654593174
[(56, 14), (20, 40), (10000000002096, 10000000003754)]
(102040816331, 214285714378)
520408163371
[(81, 33), (62, 89), (10000000008918, 10000000007139)]
None
[(14, 75), (66, 25), (10000000007332, 10000000009050)]
None
[(67, 30), (11, 57), (10000000017507, 10000000012494)]
(131842935185, 106047578192)
501576383747
[(13, 29), (33, 18), (10000000011084, 10000000009353)]
(207468879819, 221300138589)
843706778046
[(22, 82), (69, 65), (10000000006305, 10000000011393)]
None
[(48, 18), (28, 65), (10000000004080, 10000000002698)]
(141437308941, 114678899104)
538990825927
[(25, 81), (57, 36), (10000000001666, 10000000003465)]
None
[(13, 58), (76, 19), (10000000018439, 10000000003796)]
(136986301355, 108147080274)
519105984339
[(62, 31), (12, 44), (10000000017000, 10000000004532)]
(135823429836, 131578947264)
539049236772
[(58, 14), (12, 27), (10000000004626, 10000000008551)]
(107296137355, 314735336503)
636623748568
[(72, 36), (17, 40), (10000000004481, 10000000004540)]
None
[(11, 70), (79, 26), (10000000005872, 10000000018456)]
(101067887358, 112509534746)
415713196820
[(48, 63), (86, 17), (10000000009394, 10000000006673)]
None
[(55, 80), (45, 19), (10000000004480, 10000000003311)]
None
[(11, 72), (79, 49), (10000000002763, 10000000002170)]
None
[(69, 18), (23, 67), (10000000004738, 10000000006116)]
None
[(51, 13), (62, 97), (10000000004106, 10000000005756)]
None
[(38, 77), (57, 18), (10000000014256, 10000000011799)]
(105263158007, 105263158070)
421052632091
[(12, 91), (95, 34), (10000000001834, 10000000004298)]
None
[(74, 31), (31, 94), (10000000007631, 10000000010569)]
None
[(61, 15), (16, 52), (10000000018239, 10000000005153)]
(122783083515, 156889495239)
525238745784
[(29, 27), (21, 99), (10000000002764, 10000000003924)]
None
[(77, 38), (16, 46), (10000000004176, 10000000006240)]
(102249488784, 132924335488)
439672801840
[(56, 29), (20, 39), (10000000006744, 10000000016572)]
(118453865294, 168329177514)
523690773396
[(42, 81), (54, 16), (10000000007508, 10000000001323)]
(102647217707, 105348460441)
413290113562
[(50, 25), (14, 36), (10000000010990, 10000000000610)]
(151724138198, 172413792935)
627586207529
[(38, 53), (31, 12), (10000000010134, 10000000000222)]
(160067396702, 126368997918)
606571188024
[(12, 56), (69, 13), (10000000011651, 10000000008967)]
(151024811345, 118662351819)
571736785854
[(66, 41), (38, 75), (10000000007494, 10000000009435)]
None
[(14, 57), (80, 32), (10000000000406, 10000000008349)]
(116731517669, 104571984413)
454766537420
[(36, 54), (83, 23), (10000000006458, 10000000002582)]
None
[(77, 46), (23, 91), (10000000002890, 10000000005744)]
None
[(62, 24), (20, 65), (10000000001188, 10000000001426)]
(126760563394, 107042253538)
487323943720
[(15, 39), (57, 42), (10000000004962, 10000000006423)]
None
[(94, 69), (34, 90), (10000000005468, 10000000004404)]
None
[(28, 12), (24, 62), (10000000017664, 10000000015738)]
(262430939722, 110497237727)
897790056893
[(33, 16), (16, 71), (10000000003228, 10000000004411)]
None
[(49, 30), (13, 36), (10000000016441, 10000000013664)]
(167394469006, 138282387319)
640465794337
[(39, 16), (15, 31), (10000000014498, 10000000001446)]
(165118679492, 237358100954)
732714139430
[(43, 19), (30, 51), (10000000017239, 10000000000703)]
(129390019013, 147874306656)
536044363695
[(21, 49), (59, 43), (10000000005099, 10000000003851)]
None
[(12, 88), (51, 38), (10000000002265, 10000000006194)]
None
[(81, 51), (25, 51), (10000000004880, 10000000006528)]
None
[(64, 12), (21, 54), (10000000013774, 10000000015836)]
(102996254810, 162297128854)
471285893284
[(25, 36), (34, 15), (10000000002668, 10000000015437)]
(223792697862, 129564192827)
800942286413
[(34, 38), (78, 14), (10000000003802, 10000000003298)]
None
[(13, 36), (43, 13), (10000000008321, 10000000004651)]
(217548948580, 166787527367)
819434373107
[(51, 25), (13, 56), (10000000015988, 10000000012861)]
(169893323085, 102726195281)
612406164536
[(23, 75), (32, 23), (10000000001005, 10000000002301)]
None
[(29, 63), (41, 14), (10000000016039, 10000000013507)]
(124023886233, 156178227202)
528249885901
[(18, 25), (36, 14), (10000000012158, 10000000006303)]
(339506172927, 108024691652)
1126543210433
[(32, 14), (41, 62), (10000000018144, 10000000011988)]
(148936170662, 127659574560)
574468086546
[(60, 13), (12, 58), (10000000015416, 10000000003289)]
(138387485215, 141395908543)
556558364188
[(12, 54), (80, 41), (10000000010388, 10000000013748)]
(101880877919, 109717868442)
415360502199
[(99, 36), (22, 74), (10000000010120, 10000000007310)]
None
[(58, 86), (40, 12), (10000000001194, 10000000011778)]
(102040816493, 102040816115)
408163265594
[(21, 55), (53, 20), (10000000000592, 10000000017730)]
(132264529430, 136272544954)
533066133244
[(36, 18), (15, 49), (10000000016451, 10000000002339)]
(227576975081, 120481927569)
803212852812
[(27, 52), (48, 27), (10000000004268, 10000000001926)]
(118845500836, 141482739202)
498019241710
[(71, 23), (12, 39), (10000000013157, 10000000012527)]
(108303249243, 192539109742)
517448857471
[(24, 36), (90, 24), (10000000008136, 10000000004656)]
None
[(38, 17), (15, 49), (10000000018923, 10000000014090)]
(211574362611, 130678282647)
765401370480
[(18, 21), (87, 26), (10000000004800, 10000000002731)]
None
[(76, 27), (12, 64), (10000000013136, 10000000013657)]
(114537445083, 107929515569)
451541850818
[(42, 15), (13, 37), (10000000009534, 10000000003834)]
(176600441724, 198675496702)
728476821874
[(49, 12), (47, 82), (10000000005721, 10000000005710)]
(101331789288, 107122177247)
411117545111
[(46, 19), (27, 56), (10000000015045, 10000000010856)]
(140571982816, 130877363167)
552593311615
[(64, 12), (29, 83), (10000000018758, 10000000018618)]
(108783239528, 104754230654)
431103949238
[(21, 44), (69, 42), (10000000014129, 10000000011908)]
(125348189521, 106778087452)
482822656015
[(93, 46), (39, 69), (10000000002094, 10000000002875)]
None
[(56, 19), (37, 61), (10000000006632, 10000000006901)]
None
[(93, 12), (13, 83), (10000000005465, 10000000006967)]
None
[(78, 60), (16, 99), (10000000007050, 10000000011925)]
None
[(32, 21), (14, 43), (10000000001536, 10000000003172)]
None
[(32, 86), (93, 12), (10000000009407, 10000000007436)]
None
[(83, 58), (21, 52), (10000000005158, 10000000005396)]
None
[(25, 86), (57, 43), (10000000006416, 10000000008600)]
None
[(17, 52), (87, 72), (10000000007636, 10000000008216)]
None
[(32, 86), (63, 12), (10000000006547, 10000000015346)]
(101311084801, 107270560205)
411203814608
[(77, 45), (26, 72), (10000000003035, 10000000007227)]
None
[(46, 11), (19, 55), (10000000003122, 10000000002563)]
None
[(37, 60), (46, 14), (10000000010324, 10000000000706)]
(142729705570, 102586976179)
530776092889
[(76, 12), (15, 75), (10000000008370, 10000000019370)]
(108695652235, 115942029234)
442028985939
[(69, 34), (23, 84), (10000000006417, 10000000005778)]
None
[(94, 11), (39, 31), (10000000008207, 10000000002573)]
None
[(14, 39), (82, 53), (10000000009764, 10000000003802)]
(118078175812, 101791531078)
456026058514
[(49, 18), (15, 51), (10000000013201, 10000000008270)]
(161507402669, 139075818828)
623598026835
[(31, 53), (23, 11), (10000000009227, 10000000005211)]
(136674259702, 250569476455)
660592255561
[(75, 13), (21, 75), (10000000015692, 10000000010308)]
(100896861166, 115844544202)
418535127700
[(47, 11), (62, 94), (10000000003820, 10000000001212)]
None
[(13, 95), (21, 23), (10000000001157, 10000000005063)]
None
[(11, 68), (61, 65), (10000000005788, 10000000010501)]
None
[(64, 16), (19, 48), (10000000018821, 10000000004304)]
(104768786424, 173410404615)
487716763887
[(56, 25), (39, 59), (10000000007726, 10000000006194)]
None
[(33, 67), (58, 17), (10000000014335, 10000000003990)]
(123308270673, 102255639347)
472180451366
[(19, 73), (58, 54), (10000000005815, 10000000009341)]
None
[(25, 45), (88, 15), (10000000004777, 10000000004440)]
None
[(35, 25), (25, 77), (10000000004290, 10000000008742)]
None
[(92, 15), (81, 85), (10000000012809, 10000000006755)]
None
[(12, 63), (81, 21), (10000000008828, 10000000002615)]
(123685837977, 105132962384)
476190476315
[(21, 40), (56, 21), (10000000015390, 10000000002402)]
(194552529078, 105614230442)
689271817676
[(39, 14), (34, 67), (10000000002222, 10000000004624)]
(154422087034, 116986429644)
580252690746
95843948914827
