[['#' '#' '#' '#' '#' '#' '#' '#']
 ['#' '.' '.' 'O' '.' 'O' '.' '#']
 ['#' '#' '@' '.' 'O' '.' '.' '#']
 ['#' '.' '.' '.' 'O' '.' '.' '#']
 ['#' '.' '#' '.' 'O' '.' '.' '#']
 ['#' '.' '.' '.' 'O' '.' '.' '#']
 ['#' '.' '.' '.' '.' '.' '.' '#']
 ['#' '#' '#' '#' '#' '#' '#' '#']]
<^^>>>vv<v>>v<<
Command:  <
[['#' '#' '#' '#' '#' '#' '#' '#']
 ['#' '.' '.' 'O' '.' 'O' '.' '#']
 ['#' '#' '@' '.' 'O' '.' '.' '#']
 ['#' '.' '.' '.' 'O' '.' '.' '#']
 ['#' '.' '#' '.' 'O' '.' '.' '#']
 ['#' '.' '.' '.' 'O' '.' '.' '#']
 ['#' '.' '.' '.' '.' '.' '.' '#']
 ['#' '#' '#' '#' '#' '#' '#' '#']]
_______________________________________________________________________
Command:  ^
Moving alpha empty space
[['#' '#' '#' '#' '#' '#' '#' '#']
 ['#' '.' '@' 'O' '.' 'O' '.' '#']
 ['#' '#' '.' '.' 'O' '.' '.' '#']
 ['#' '.' '.' '.' 'O' '.' '.' '#']
 ['#' '.' '#' '.' 'O' '.' '.' '#']
 ['#' '.' '.' '.' 'O' '.' '.' '#']
 ['#' '.' '.' '.' '.' '.' '.' '#']
 ['#' '#' '#' '#' '#' '#' '#' '#']]
_______________________________________________________________________
Command:  ^
[['#' '#' '#' '#' '#' '#' '#' '#']
 ['#' '.' '@' 'O' '.' 'O' '.' '#']
 ['#' '#' '.' '.' 'O' '.' '.' '#']
 ['#' '.' '.' '.' 'O' '.' '.' '#']
 ['#' '.' '#' '.' 'O' '.' '.' '#']
 ['#' '.' '.' '.' 'O' '.' '.' '#']
 ['#' '.' '.' '.' '.' '.' '.' '#']
 ['#' '#' '#' '#' '#' '#' '#' '#']]
_______________________________________________________________________
Command:  >
Box is not blocked:  [(1, 4)]
[['#' '#' '#' '#' '#' '#' '#' '#']
 ['#' '.' '.' '@' 'O' 'O' '.' '#']
 ['#' '#' '.' '.' 'O' '.' '.' '#']
 ['#' '.' '.' '.' 'O' '.' '.' '#']
 ['#' '.' '#' '.' 'O' '.' '.' '#']
 ['#' '.' '.' '.' 'O' '.' '.' '#']
 ['#' '.' '.' '.' '.' '.' '.' '#']
 ['#' '#' '#' '#' '#' '#' '#' '#']]
_______________________________________________________________________
Command:  >
Box is not blocked:  [(1, 5), (1, 6)]
[['#' '#' '#' '#' '#' '#' '#' '#']
 ['#' '.' '.' '.' '@' 'O' 'O' '#']
 ['#' '#' '.' '.' 'O' '.' '.' '#']
 ['#' '.' '.' '.' 'O' '.' '.' '#']
 ['#' '.' '#' '.' 'O' '.' '.' '#']
 ['#' '.' '.' '.' 'O' '.' '.' '#']
 ['#' '.' '.' '.' '.' '.' '.' '#']
 ['#' '#' '#' '#' '#' '#' '#' '#']]
_______________________________________________________________________
Command:  >
Box is blocked
[['#' '#' '#' '#' '#' '#' '#' '#']
 ['#' '.' '.' '.' '@' 'O' 'O' '#']
 ['#' '#' '.' '.' 'O' '.' '.' '#']
 ['#' '.' '.' '.' 'O' '.' '.' '#']
 ['#' '.' '#' '.' 'O' '.' '.' '#']
 ['#' '.' '.' '.' 'O' '.' '.' '#']
 ['#' '.' '.' '.' '.' '.' '.' '#']
 ['#' '#' '#' '#' '#' '#' '#' '#']]
_______________________________________________________________________
Command:  v
Box is not blocked:  [(3, 4), (4, 4), (5, 4), (6, 4)]
[['#' '#' '#' '#' '#' '#' '#' '#']
 ['#' '.' '.' '.' '.' 'O' 'O' '#']
 ['#' '#' '.' '.' '@' '.' '.' '#']
 ['#' '.' '.' '.' 'O' '.' '.' '#']
 ['#' '.' '#' '.' 'O' '.' '.' '#']
 ['#' '.' '.' '.' 'O' '.' '.' '#']
 ['#' '.' '.' '.' 'O' '.' '.' '#']
 ['#' '#' '#' '#' '#' '#' '#' '#']]
_______________________________________________________________________
Command:  v
Box is blocked
[['#' '#' '#' '#' '#' '#' '#' '#']
 ['#' '.' '.' '.' '.' 'O' 'O' '#']
 ['#' '#' '.' '.' '@' '.' '.' '#']
 ['#' '.' '.' '.' 'O' '.' '.' '#']
 ['#' '.' '#' '.' 'O' '.' '.' '#']
 ['#' '.' '.' '.' 'O' '.' '.' '#']
 ['#' '.' '.' '.' 'O' '.' '.' '#']
 ['#' '#' '#' '#' '#' '#' '#' '#']]
_______________________________________________________________________
Command:  <
Moving alpha empty space
[['#' '#' '#' '#' '#' '#' '#' '#']
 ['#' '.' '.' '.' '.' 'O' 'O' '#']
 ['#' '#' '.' '@' '.' '.' '.' '#']
 ['#' '.' '.' '.' 'O' '.' '.' '#']
 ['#' '.' '#' '.' 'O' '.' '.' '#']
 ['#' '.' '.' '.' 'O' '.' '.' '#']
 ['#' '.' '.' '.' 'O' '.' '.' '#']
 ['#' '#' '#' '#' '#' '#' '#' '#']]
_______________________________________________________________________
Command:  v
Moving alpha empty space
[['#' '#' '#' '#' '#' '#' '#' '#']
 ['#' '.' '.' '.' '.' 'O' 'O' '#']
 ['#' '#' '.' '.' '.' '.' '.' '#']
 ['#' '.' '.' '@' 'O' '.' '.' '#']
 ['#' '.' '#' '.' 'O' '.' '.' '#']
 ['#' '.' '.' '.' 'O' '.' '.' '#']
 ['#' '.' '.' '.' 'O' '.' '.' '#']
 ['#' '#' '#' '#' '#' '#' '#' '#']]
_______________________________________________________________________
Command:  >
Box is not blocked:  [(3, 5)]
[['#' '#' '#' '#' '#' '#' '#' '#']
 ['#' '.' '.' '.' '.' 'O' 'O' '#']
 ['#' '#' '.' '.' '.' '.' '.' '#']
 ['#' '.' '.' '.' '@' 'O' '.' '#']
 ['#' '.' '#' '.' 'O' '.' '.' '#']
 ['#' '.' '.' '.' 'O' '.' '.' '#']
 ['#' '.' '.' '.' 'O' '.' '.' '#']
 ['#' '#' '#' '#' '#' '#' '#' '#']]
_______________________________________________________________________
Command:  >
Box is not blocked:  [(3, 6)]
[['#' '#' '#' '#' '#' '#' '#' '#']
 ['#' '.' '.' '.' '.' 'O' 'O' '#']
 ['#' '#' '.' '.' '.' '.' '.' '#']
 ['#' '.' '.' '.' '.' '@' 'O' '#']
 ['#' '.' '#' '.' 'O' '.' '.' '#']
 ['#' '.' '.' '.' 'O' '.' '.' '#']
 ['#' '.' '.' '.' 'O' '.' '.' '#']
 ['#' '#' '#' '#' '#' '#' '#' '#']]
_______________________________________________________________________
Command:  v
Moving alpha empty space
[['#' '#' '#' '#' '#' '#' '#' '#']
 ['#' '.' '.' '.' '.' 'O' 'O' '#']
 ['#' '#' '.' '.' '.' '.' '.' '#']
 ['#' '.' '.' '.' '.' '.' 'O' '#']
 ['#' '.' '#' '.' 'O' '@' '.' '#']
 ['#' '.' '.' '.' 'O' '.' '.' '#']
 ['#' '.' '.' '.' 'O' '.' '.' '#']
 ['#' '#' '#' '#' '#' '#' '#' '#']]
_______________________________________________________________________
Command:  <
Box is not blocked:  [(4, 3)]
[['#' '#' '#' '#' '#' '#' '#' '#']
 ['#' '.' '.' '.' '.' 'O' 'O' '#']
 ['#' '#' '.' '.' '.' '.' '.' '#']
 ['#' '.' '.' '.' '.' '.' 'O' '#']
 ['#' '.' '#' 'O' '@' '.' '.' '#']
 ['#' '.' '.' '.' 'O' '.' '.' '#']
 ['#' '.' '.' '.' 'O' '.' '.' '#']
 ['#' '#' '#' '#' '#' '#' '#' '#']]
_______________________________________________________________________
Command:  <
Box is blocked
[['#' '#' '#' '#' '#' '#' '#' '#']
 ['#' '.' '.' '.' '.' 'O' 'O' '#']
 ['#' '#' '.' '.' '.' '.' '.' '#']
 ['#' '.' '.' '.' '.' '.' 'O' '#']
 ['#' '.' '#' 'O' '@' '.' '.' '#']
 ['#' '.' '.' '.' 'O' '.' '.' '#']
 ['#' '.' '.' '.' 'O' '.' '.' '#']
 ['#' '#' '#' '#' '#' '#' '#' '#']]
_______________________________________________________________________
2028
