[['#' '#' '#' '#' '#' '#' '#' '#' '#' '#']
 ['#' '.' '.' 'O' '.' '.' 'O' '.' 'O' '#']
 ['#' '.' '.' '.' '.' '.' '.' 'O' '.' '#']
 ['#' '.' 'O' 'O' '.' '.' 'O' '.' 'O' '#']
 ['#' '.' '.' 'O' '@' '.' '.' 'O' '.' '#']
 ['#' 'O' '#' '.' '.' 'O' '.' '.' '.' '#']
 ['#' 'O' '.' '.' 'O' '.' '.' 'O' '.' '#']
 ['#' '.' 'O' 'O' '.' 'O' '.' 'O' 'O' '#']
 ['#' '.' '.' '.' '.' 'O' '.' '.' '.' '#']
 ['#' '#' '#' '#' '#' '#' '#' '#' '#' '#']]
>>>>>>>>>>>>>>>>
Command:  >
Moving alpha empty space
[['#' '#' '#' '#' '#' '#' '#' '#' '#' '#']
 ['#' '.' '.' 'O' '.' '.' 'O' '.' 'O' '#']
 ['#' '.' '.' '.' '.' '.' '.' 'O' '.' '#']
 ['#' '.' 'O' 'O' '.' '.' 'O' '.' 'O' '#']
 ['#' '.' '.' 'O' '.' '@' '.' 'O' '.' '#']
 ['#' 'O' '#' '.' '.' 'O' '.' '.' '.' '#']
 ['#' 'O' '.' '.' 'O' '.' '.' 'O' '.' '#']
 ['#' '.' 'O' 'O' '.' 'O' '.' 'O' 'O' '#']
 ['#' '.' '.' '.' '.' 'O' '.' '.' '.' '#']
 ['#' '#' '#' '#' '#' '#' '#' '#' '#' '#']]
_______________________________________________________________________
Command:  >
Moving alpha empty space
[['#' '#' '#' '#' '#' '#' '#' '#' '#' '#']
 ['#' '.' '.' 'O' '.' '.' 'O' '.' 'O' '#']
 ['#' '.' '.' '.' '.' '.' '.' 'O' '.' '#']
 ['#' '.' 'O' 'O' '.' '.' 'O' '.' 'O' '#']
 ['#' '.' '.' 'O' '.' '.' '@' 'O' '.' '#']
 ['#' 'O' '#' '.' '.' 'O' '.' '.' '.' '#']
 ['#' 'O' '.' '.' 'O' '.' '.' 'O' '.' '#']
 ['#' '.' 'O' 'O' '.' 'O' '.' 'O' 'O' '#']
 ['#' '.' '.' '.' '.' 'O' '.' '.' '.' '#']
 ['#' '#' '#' '#' '#' '#' '#' '#' '#' '#']]
_______________________________________________________________________
Command:  >
Box is not blocked:  [(4, 8)]
[['#' '#' '#' '#' '#' '#' '#' '#' '#' '#']
 ['#' '.' '.' 'O' '.' '.' 'O' '.' 'O' '#']
 ['#' '.' '.' '.' '.' '.' '.' 'O' '.' '#']
 ['#' '.' 'O' 'O' '.' '.' 'O' '.' 'O' '#']
 ['#' '.' '.' 'O' '.' '.' '.' '@' 'O' '#']
 ['#' 'O' '#' '.' '.' 'O' '.' '.' '.' '#']
 ['#' 'O' '.' '.' 'O' '.' '.' 'O' '.' '#']
 ['#' '.' 'O' 'O' '.' 'O' '.' 'O' 'O' '#']
 ['#' '.' '.' '.' '.' 'O' '.' '.' '.' '#']
 ['#' '#' '#' '#' '#' '#' '#' '#' '#' '#']]
_______________________________________________________________________
Command:  >
Box is blocked
[['#' '#' '#' '#' '#' '#' '#' '#' '#' '#']
 ['#' '.' '.' 'O' '.' '.' 'O' '.' 'O' '#']
 ['#' '.' '.' '.' '.' '.' '.' 'O' '.' '#']
 ['#' '.' 'O' 'O' '.' '.' 'O' '.' 'O' '#']
 ['#' '.' '.' 'O' '.' '.' '.' '@' 'O' '#']
 ['#' 'O' '#' '.' '.' 'O' '.' '.' '.' '#']
 ['#' 'O' '.' '.' 'O' '.' '.' 'O' '.' '#']
 ['#' '.' 'O' 'O' '.' 'O' '.' 'O' 'O' '#']
 ['#' '.' '.' '.' '.' 'O' '.' '.' '.' '#']
 ['#' '#' '#' '#' '#' '#' '#' '#' '#' '#']]
_______________________________________________________________________
Command:  >
Box is blocked
[['#' '#' '#' '#' '#' '#' '#' '#' '#' '#']
 ['#' '.' '.' 'O' '.' '.' 'O' '.' 'O' '#']
 ['#' '.' '.' '.' '.' '.' '.' 'O' '.' '#']
 ['#' '.' 'O' 'O' '.' '.' 'O' '.' 'O' '#']
 ['#' '.' '.' 'O' '.' '.' '.' '@' 'O' '#']
 ['#' 'O' '#' '.' '.' 'O' '.' '.' '.' '#']
 ['#' 'O' '.' '.' 'O' '.' '.' 'O' '.' '#']
 ['#' '.' 'O' 'O' '.' 'O' '.' 'O' 'O' '#']
 ['#' '.' '.' '.' '.' 'O' '.' '.' '.' '#']
 ['#' '#' '#' '#' '#' '#' '#' '#' '#' '#']]
_______________________________________________________________________
Command:  >
Box is blocked
[['#' '#' '#' '#' '#' '#' '#' '#' '#' '#']
 ['#' '.' '.' 'O' '.' '.' 'O' '.' 'O' '#']
 ['#' '.' '.' '.' '.' '.' '.' 'O' '.' '#']
 ['#' '.' 'O' 'O' '.' '.' 'O' '.' 'O' '#']
 ['#' '.' '.' 'O' '.' '.' '.' '@' 'O' '#']
 ['#' 'O' '#' '.' '.' 'O' '.' '.' '.' '#']
 ['#' 'O' '.' '.' 'O' '.' '.' 'O' '.' '#']
 ['#' '.' 'O' 'O' '.' 'O' '.' 'O' 'O' '#']
 ['#' '.' '.' '.' '.' 'O' '.' '.' '.' '#']
 ['#' '#' '#' '#' '#' '#' '#' '#' '#' '#']]
_______________________________________________________________________
Command:  >
Box is blocked
[['#' '#' '#' '#' '#' '#' '#' '#' '#' '#']
 ['#' '.' '.' 'O' '.' '.' 'O' '.' 'O' '#']
 ['#' '.' '.' '.' '.' '.' '.' 'O' '.' '#']
 ['#' '.' 'O' 'O' '.' '.' 'O' '.' 'O' '#']
 ['#' '.' '.' 'O' '.' '.' '.' '@' 'O' '#']
 ['#' 'O' '#' '.' '.' 'O' '.' '.' '.' '#']
 ['#' 'O' '.' '.' 'O' '.' '.' 'O' '.' '#']
 ['#' '.' 'O' 'O' '.' 'O' '.' 'O' 'O' '#']
 ['#' '.' '.' '.' '.' 'O' '.' '.' '.' '#']
 ['#' '#' '#' '#' '#' '#' '#' '#' '#' '#']]
_______________________________________________________________________
Command:  >
Box is blocked
[['#' '#' '#' '#' '#' '#' '#' '#' '#' '#']
 ['#' '.' '.' 'O' '.' '.' 'O' '.' 'O' '#']
 ['#' '.' '.' '.' '.' '.' '.' 'O' '.' '#']
 ['#' '.' 'O' 'O' '.' '.' 'O' '.' 'O' '#']
 ['#' '.' '.' 'O' '.' '.' '.' '@' 'O' '#']
 ['#' 'O' '#' '.' '.' 'O' '.' '.' '.' '#']
 ['#' 'O' '.' '.' 'O' '.' '.' 'O' '.' '#']
 ['#' '.' 'O' 'O' '.' 'O' '.' 'O' 'O' '#']
 ['#' '.' '.' '.' '.' 'O' '.' '.' '.' '#']
 ['#' '#' '#' '#' '#' '#' '#' '#' '#' '#']]
_______________________________________________________________________
Command:  >
Box is blocked
[['#' '#' '#' '#' '#' '#' '#' '#' '#' '#']
 ['#' '.' '.' 'O' '.' '.' 'O' '.' 'O' '#']
 ['#' '.' '.' '.' '.' '.' '.' 'O' '.' '#']
 ['#' '.' 'O' 'O' '.' '.' 'O' '.' 'O' '#']
 ['#' '.' '.' 'O' '.' '.' '.' '@' 'O' '#']
 ['#' 'O' '#' '.' '.' 'O' '.' '.' '.' '#']
 ['#' 'O' '.' '.' 'O' '.' '.' 'O' '.' '#']
 ['#' '.' 'O' 'O' '.' 'O' '.' 'O' 'O' '#']
 ['#' '.' '.' '.' '.' 'O' '.' '.' '.' '#']
 ['#' '#' '#' '#' '#' '#' '#' '#' '#' '#']]
_______________________________________________________________________
Command:  >
Box is blocked
[['#' '#' '#' '#' '#' '#' '#' '#' '#' '#']
 ['#' '.' '.' 'O' '.' '.' 'O' '.' 'O' '#']
 ['#' '.' '.' '.' '.' '.' '.' 'O' '.' '#']
 ['#' '.' 'O' 'O' '.' '.' 'O' '.' 'O' '#']
 ['#' '.' '.' 'O' '.' '.' '.' '@' 'O' '#']
 ['#' 'O' '#' '.' '.' 'O' '.' '.' '.' '#']
 ['#' 'O' '.' '.' 'O' '.' '.' 'O' '.' '#']
 ['#' '.' 'O' 'O' '.' 'O' '.' 'O' 'O' '#']
 ['#' '.' '.' '.' '.' 'O' '.' '.' '.' '#']
 ['#' '#' '#' '#' '#' '#' '#' '#' '#' '#']]
_______________________________________________________________________
Command:  >
Box is blocked
[['#' '#' '#' '#' '#' '#' '#' '#' '#' '#']
 ['#' '.' '.' 'O' '.' '.' 'O' '.' 'O' '#']
 ['#' '.' '.' '.' '.' '.' '.' 'O' '.' '#']
 ['#' '.' 'O' 'O' '.' '.' 'O' '.' 'O' '#']
 ['#' '.' '.' 'O' '.' '.' '.' '@' 'O' '#']
 ['#' 'O' '#' '.' '.' 'O' '.' '.' '.' '#']
 ['#' 'O' '.' '.' 'O' '.' '.' 'O' '.' '#']
 ['#' '.' 'O' 'O' '.' 'O' '.' 'O' 'O' '#']
 ['#' '.' '.' '.' '.' 'O' '.' '.' '.' '#']
 ['#' '#' '#' '#' '#' '#' '#' '#' '#' '#']]
_______________________________________________________________________
Command:  >
Box is blocked
[['#' '#' '#' '#' '#' '#' '#' '#' '#' '#']
 ['#' '.' '.' 'O' '.' '.' 'O' '.' 'O' '#']
 ['#' '.' '.' '.' '.' '.' '.' 'O' '.' '#']
 ['#' '.' 'O' 'O' '.' '.' 'O' '.' 'O' '#']
 ['#' '.' '.' 'O' '.' '.' '.' '@' 'O' '#']
 ['#' 'O' '#' '.' '.' 'O' '.' '.' '.' '#']
 ['#' 'O' '.' '.' 'O' '.' '.' 'O' '.' '#']
 ['#' '.' 'O' 'O' '.' 'O' '.' 'O' 'O' '#']
 ['#' '.' '.' '.' '.' 'O' '.' '.' '.' '#']
 ['#' '#' '#' '#' '#' '#' '#' '#' '#' '#']]
_______________________________________________________________________
Command:  >
Box is blocked
[['#' '#' '#' '#' '#' '#' '#' '#' '#' '#']
 ['#' '.' '.' 'O' '.' '.' 'O' '.' 'O' '#']
 ['#' '.' '.' '.' '.' '.' '.' 'O' '.' '#']
 ['#' '.' 'O' 'O' '.' '.' 'O' '.' 'O' '#']
 ['#' '.' '.' 'O' '.' '.' '.' '@' 'O' '#']
 ['#' 'O' '#' '.' '.' 'O' '.' '.' '.' '#']
 ['#' 'O' '.' '.' 'O' '.' '.' 'O' '.' '#']
 ['#' '.' 'O' 'O' '.' 'O' '.' 'O' 'O' '#']
 ['#' '.' '.' '.' '.' 'O' '.' '.' '.' '#']
 ['#' '#' '#' '#' '#' '#' '#' '#' '#' '#']]
_______________________________________________________________________
Command:  >
Box is blocked
[['#' '#' '#' '#' '#' '#' '#' '#' '#' '#']
 ['#' '.' '.' 'O' '.' '.' 'O' '.' 'O' '#']
 ['#' '.' '.' '.' '.' '.' '.' 'O' '.' '#']
 ['#' '.' 'O' 'O' '.' '.' 'O' '.' 'O' '#']
 ['#' '.' '.' 'O' '.' '.' '.' '@' 'O' '#']
 ['#' 'O' '#' '.' '.' 'O' '.' '.' '.' '#']
 ['#' 'O' '.' '.' 'O' '.' '.' 'O' '.' '#']
 ['#' '.' 'O' 'O' '.' 'O' '.' 'O' 'O' '#']
 ['#' '.' '.' '.' '.' 'O' '.' '.' '.' '#']
 ['#' '#' '#' '#' '#' '#' '#' '#' '#' '#']]
_______________________________________________________________________
Command:  >
Box is blocked
[['#' '#' '#' '#' '#' '#' '#' '#' '#' '#']
 ['#' '.' '.' 'O' '.' '.' 'O' '.' 'O' '#']
 ['#' '.' '.' '.' '.' '.' '.' 'O' '.' '#']
 ['#' '.' 'O' 'O' '.' '.' 'O' '.' 'O' '#']
 ['#' '.' '.' 'O' '.' '.' '.' '@' 'O' '#']
 ['#' 'O' '#' '.' '.' 'O' '.' '.' '.' '#']
 ['#' 'O' '.' '.' 'O' '.' '.' 'O' '.' '#']
 ['#' '.' 'O' 'O' '.' 'O' '.' 'O' 'O' '#']
 ['#' '.' '.' '.' '.' 'O' '.' '.' '.' '#']
 ['#' '#' '#' '#' '#' '#' '#' '#' '#' '#']]
_______________________________________________________________________
Command:  >
Box is blocked
[['#' '#' '#' '#' '#' '#' '#' '#' '#' '#']
 ['#' '.' '.' 'O' '.' '.' 'O' '.' 'O' '#']
 ['#' '.' '.' '.' '.' '.' '.' 'O' '.' '#']
 ['#' '.' 'O' 'O' '.' '.' 'O' '.' 'O' '#']
 ['#' '.' '.' 'O' '.' '.' '.' '@' 'O' '#']
 ['#' 'O' '#' '.' '.' 'O' '.' '.' '.' '#']
 ['#' 'O' '.' '.' 'O' '.' '.' 'O' '.' '#']
 ['#' '.' 'O' 'O' '.' 'O' '.' 'O' 'O' '#']
 ['#' '.' '.' '.' '.' 'O' '.' '.' '.' '#']
 ['#' '#' '#' '#' '#' '#' '#' '#' '#' '#']]
_______________________________________________________________________
9702
