[85, 86, 87, 88, 85]
Not safe
[30, 32, 35, 36, 36]
Removed at index 3
[75, 77, 79, 81, 84, 87, 91]
Not safe
[9, 11, 13, 15, 16, 18, 21, 27]
Not safe
[72, 73, 76, 75, 77, 80, 81]
Removed at index 2
[7, 9, 8, 11, 12, 10]
Not safe
[95, 97, 98, 95, 95]
Not safe
[64, 67, 68, 69, 70, 67, 68, 72]
Not safe
[5, 7, 5, 8, 14]
Not safe
[33, 35, 35, 38, 39, 41, 43]
Removed at index 1
[88, 89, 92, 93, 96, 96, 98, 96]
Not safe
[62, 65, 67, 70, 72, 72, 72]
Not safe
[83, 86, 89, 92, 93, 93, 95, 99]
Not safe
[27, 28, 30, 31, 31, 38]
Not safe
[31, 33, 34, 38, 40, 42]
Not safe
[32, 34, 36, 40, 38]
Removed at index 3
[12, 13, 14, 16, 20, 22, 22]
Not safe
[31, 32, 34, 38, 39, 43]
Not safe
[44, 47, 48, 50, 53, 57, 60, 65]
Not safe
[22, 25, 26, 33, 35]
Not safe
[6, 8, 15, 18, 15]
Not safe
[49, 52, 55, 62, 62]
Not safe
[39, 41, 42, 48, 50, 51, 53, 57]
Not safe
[41, 42, 44, 47, 53, 54, 59]
Not safe
[48, 47, 50, 51, 52, 54, 57, 58]
Removed at index 0
[24, 22, 23, 24, 26, 23]
Not safe
[33, 30, 32, 33, 33]
Not safe
[49, 47, 50, 53, 55, 59]
Not safe
[15, 12, 14, 16, 23]
Not safe
[87, 85, 82, 83, 85, 87]
Not safe
[48, 47, 49, 46, 47, 45]
Not safe
[13, 11, 8, 10, 10]
Not safe
[50, 47, 44, 47, 51]
Not safe
[78, 77, 79, 81, 83, 86, 84, 91]
Not safe
[41, 39, 41, 41, 44]
Not safe
[15, 12, 15, 15, 16, 17, 15]
Not safe
[60, 57, 60, 60, 63, 63]
Not safe
[22, 20, 21, 21, 24, 28]
Not safe
[87, 86, 88, 88, 90, 93, 98]
Not safe
[13, 12, 14, 18, 20]
Not safe
[72, 70, 74, 75, 78, 79, 77]
Not safe
[51, 50, 53, 54, 58, 58]
Not safe
[69, 67, 68, 71, 72, 75, 79, 83]
Not safe
[7, 5, 7, 9, 13, 15, 18, 24]
Not safe
[34, 32, 34, 40, 41]
Not safe
[6, 4, 7, 9, 11, 18, 16]
Not safe
[31, 29, 32, 35, 40, 42, 42]
Not safe
[64, 63, 65, 71, 73, 76, 79, 83]
Not safe
[63, 60, 63, 65, 70, 76]
Not safe
[22, 22, 23, 26, 29, 31, 34]
Removed at index 0
[34, 34, 35, 37, 34]
Not safe
[66, 66, 68, 70, 71, 71]
Not safe
[16, 16, 18, 21, 24, 26, 30]
Not safe
[55, 55, 56, 58, 59, 60, 67]
Not safe
[76, 76, 77, 78, 77, 80]
Not safe
[19, 19, 16, 18, 17]
Not safe
[37, 37, 40, 43, 44, 47, 46, 46]
Not safe
[17, 17, 16, 18, 20, 22, 26]
Not safe
[10, 10, 12, 9, 12, 18]
Not safe
[3, 3, 3, 6, 9]
Not safe
[34, 34, 36, 39, 40, 40, 39]
Not safe
[19, 19, 20, 23, 23, 26, 26]
Not safe
[28, 28, 31, 31, 35]
Not safe
[36, 36, 37, 37, 39, 44]
Not safe
[75, 75, 78, 79, 80, 82, 86, 89]
Not safe
[23, 23, 24, 28, 29, 31, 30]
Not safe
[30, 30, 34, 36, 37, 38, 41, 41]
Not safe
[10, 10, 12, 13, 17, 18, 22]
Not safe
[25, 25, 27, 31, 33, 34, 40]
Not safe
[1, 1, 8, 10, 11, 12]
Not safe
[11, 11, 14, 15, 20, 19]
Not safe
[76, 76, 79, 86, 86]
Not safe
[79, 79, 86, 88, 92]
Not safe
[64, 64, 67, 68, 70, 73, 80, 87]
Not safe
[4, 8, 10, 11, 12]
Removed at index 0
[46, 50, 52, 54, 55, 57, 59, 58]
Not safe
[46, 50, 51, 52, 55, 58, 60, 60]
Not safe
[22, 26, 29, 32, 36]
Not safe
[62, 66, 67, 68, 71, 73, 79]
Not safe
[56, 60, 63, 64, 63, 66, 67]
Not safe
[49, 53, 55, 58, 57, 56]
Not safe
[27, 31, 34, 31, 31]
Not safe
[73, 77, 75, 78, 81, 85]
Not safe
[10, 14, 16, 17, 16, 23]
Not safe
[64, 68, 71, 71, 72, 75, 77, 78]
Not safe
[38, 42, 43, 43, 42]
Not safe
[12, 16, 16, 19, 20, 20]
Not safe
[65, 69, 71, 73, 76, 77, 77, 81]
Not safe
[47, 51, 52, 53, 53, 56, 58, 64]
Not safe
[25, 29, 31, 34, 36, 39, 43, 44]
Not safe
[13, 17, 18, 22, 23, 25, 22]
Not safe
[30, 34, 38, 39, 41, 41]
Not safe
[28, 32, 36, 39, 42, 43, 47]
Not safe
[32, 36, 39, 41, 45, 46, 53]
Not safe
[77, 81, 88, 91, 94]
Not safe
[63, 67, 68, 69, 76, 74]
Not safe
[25, 29, 34, 37, 39, 39]
Not safe
[74, 78, 79, 84, 85, 86, 90]
Not safe
[14, 18, 23, 24, 26, 31]
Not safe
[35, 41, 44, 47, 48, 50, 51]
Removed at index 0
[47, 53, 56, 57, 59, 61, 64, 62]
Not safe
[13, 19, 22, 25, 28, 31, 34, 34]
Not safe
[56, 63, 64, 66, 70]
Not safe
[65, 70, 71, 74, 79]
Not safe
[41, 46, 44, 45, 46, 48]
Removed at index 1
[13, 19, 16, 18, 16]
Not safe
[74, 80, 77, 78, 78]
Not safe
[41, 46, 47, 46, 48, 52]
Not safe
[31, 37, 36, 39, 44]
Not safe
[42, 48, 48, 51, 53]
Not safe
[7, 14, 15, 15, 17, 15]
Not safe
[60, 67, 67, 69, 69]
Not safe
[21, 28, 28, 29, 33]
Not safe
[59, 65, 68, 70, 73, 73, 79]
Not safe
[40, 45, 49, 50, 53, 56, 58, 59]
Not safe
[83, 88, 92, 95, 93]
Not safe
[35, 40, 42, 43, 46, 48, 52, 52]
Not safe
[72, 79, 80, 84, 85, 89]
Not safe
[37, 44, 47, 51, 53, 54, 57, 63]
Not safe
[37, 42, 43, 44, 51, 54]
Not safe
[75, 82, 83, 89, 90, 92, 90]
Not safe
[48, 53, 60, 62, 65, 68, 71, 71]
Not safe
[4, 11, 14, 19, 23]
Not safe
[72, 79, 80, 85, 86, 88, 89, 96]
Not safe
[65, 62, 61, 60, 63]
Not safe
[55, 54, 53, 50, 49, 48, 48]
Removed at index 5
[14, 11, 10, 8, 4]
Not safe
[24, 22, 20, 19, 18, 16, 15, 9]
Not safe
[78, 75, 77, 75, 73, 70, 69, 68]
Removed at index 1
[74, 73, 70, 73, 72, 74]
Not safe
[23, 21, 18, 19, 19]
Not safe
[80, 77, 79, 77, 76, 72]
Not safe
[78, 75, 76, 74, 71, 68, 63]
Not safe
[88, 85, 83, 83, 81]
Removed at index 2
[44, 42, 42, 39, 38, 41]
Not safe
[34, 31, 31, 29, 29]
Not safe
[76, 73, 72, 72, 69, 65]
Not safe
[78, 77, 74, 72, 72, 67]
Not safe
[76, 74, 70, 69, 66]
Not safe
[84, 82, 79, 76, 72, 70, 69, 71]
Not safe
[21, 18, 14, 13, 11, 11]
Not safe
[67, 66, 62, 61, 58, 55, 53, 49]
Not safe
[66, 64, 61, 57, 54, 51, 46]
Not safe
[77, 74, 73, 71, 69, 67, 61, 60]
Not safe
[28, 25, 19, 17, 15, 13, 12, 14]
Not safe
[16, 14, 8, 6, 6]
Not safe
[90, 88, 85, 84, 78, 74]
Not safe
[79, 77, 72, 69, 66, 65, 62, 57]
Not safe
[83, 86, 85, 82, 80]
Removed at index 0
[31, 34, 31, 30, 31]
Not safe
[9, 11, 8, 7, 5, 5]
Not safe
[65, 68, 65, 63, 59]
Not safe
[74, 77, 75, 74, 71, 70, 63]
Not safe
[32, 33, 30, 28, 27, 29, 26]
Not safe
[9, 11, 9, 7, 4, 7, 5, 6]
Not safe
[92, 95, 94, 93, 90, 91, 91]
Not safe
[26, 28, 31, 28, 25, 24, 20]
Not safe
[18, 19, 18, 15, 17, 11]
Not safe
[18, 21, 21, 19, 16, 15]
Not safe
[10, 11, 8, 7, 6, 6, 4, 6]
Not safe
[51, 53, 53, 50, 49, 49]
Not safe
[72, 73, 72, 71, 71, 70, 67, 63]
Not safe
[91, 93, 90, 88, 87, 87, 86, 81]
Not safe
[58, 60, 56, 53, 51]
Removed at index 1
[12, 13, 9, 8, 10]
Not safe
[5, 6, 2, 1, 1]
Not safe
[47, 49, 47, 45, 44, 43, 39, 35]
Not safe
[52, 53, 52, 51, 50, 46, 41]
Not safe
[88, 89, 87, 80, 79]
Not safe
[17, 19, 18, 11, 13]
Not safe
[57, 58, 55, 50, 47, 46, 46]
Not safe
[30, 31, 29, 27, 25, 23, 16, 12]
Not safe
[56, 59, 58, 56, 50, 43]
Not safe
[29, 29, 26, 24, 23, 22, 20]
Removed at index 0
[64, 64, 62, 61, 60, 58, 60]
Not safe
[62, 62, 60, 57, 57]
Not safe
[63, 63, 62, 60, 57, 55, 52, 48]
Not safe
[19, 19, 18, 17, 15, 14, 9]
Not safe
[25, 25, 28, 26, 24, 21, 18, 16]
Not safe
[41, 41, 39, 38, 37, 39, 41]
Not safe
[68, 68, 71, 70, 69, 68, 67, 67]
Not safe
[68, 68, 65, 68, 65, 61]
Not safe
[51, 51, 52, 50, 44]
Not safe
[92, 92, 89, 89, 86]
Not safe
[48, 48, 46, 46, 47]
Not safe
[92, 92, 91, 88, 88, 88]
Not safe
[10, 10, 10, 8, 7, 3]
Not safe
[50, 50, 48, 47, 45, 45, 43, 37]
Not safe
[85, 85, 84, 82, 81, 80, 76, 75]
Not safe
[60, 60, 58, 54, 51, 48, 50]
Not safe
[83, 83, 79, 76, 76]
Not safe
[62, 62, 61, 57, 53]
Not safe
[75, 75, 72, 69, 65, 59]
Not safe
[96, 96, 93, 92, 90, 89, 83, 82]
Not safe
[94, 94, 91, 90, 85, 84, 83, 85]
Not safe
[44, 44, 37, 34, 31, 31]
Not safe
[28, 28, 26, 25, 22, 21, 14, 10]
Not safe
[71, 71, 69, 66, 61, 55]
Not safe
[82, 78, 75, 73, 70]
Removed at index 0
[60, 56, 54, 52, 51, 50, 51]
Not safe
[69, 65, 62, 60, 58, 55, 52, 52]
Not safe
[23, 19, 16, 14, 11, 10, 6]
Not safe
[81, 77, 75, 73, 71, 66]
Not safe
[10, 6, 8, 7, 5]
Removed at index 1
[65, 61, 59, 60, 63]
Not safe
[76, 72, 70, 68, 69, 68, 65, 65]
Not safe
[57, 53, 50, 52, 48]
Not safe
[87, 83, 82, 79, 81, 78, 73]
Not safe
[39, 35, 33, 32, 32, 29, 27, 24]
Not safe
[98, 94, 93, 92, 92, 89, 87, 90]
Not safe
[63, 59, 58, 58, 58]
Not safe
[30, 26, 26, 23, 19]
Not safe
[42, 38, 37, 36, 34, 34, 33, 27]
Not safe
[44, 40, 39, 35, 34]
Not safe
[16, 12, 8, 7, 4, 1, 2]
Not safe
[93, 89, 85, 82, 81, 80, 77, 77]
Not safe
[43, 39, 37, 33, 31, 27]
Not safe
[52, 48, 44, 42, 35]
Not safe
[21, 17, 16, 10, 7, 4, 2, 1]
Not safe
[71, 67, 62, 61, 58, 57, 54, 57]
Not safe
[21, 17, 15, 10, 8, 8]
Not safe
[54, 50, 47, 44, 39, 35]
Not safe
[62, 58, 53, 51, 44]
Not safe
[66, 59, 56, 53, 52]
Removed at index 0
[41, 35, 32, 31, 30, 29, 31]
Not safe
[44, 37, 35, 34, 32, 31, 30, 30]
Not safe
[30, 24, 21, 20, 17, 13]
Not safe
[35, 30, 27, 26, 20]
Not safe
[33, 27, 25, 27, 25]
Not safe
[55, 48, 45, 42, 45, 47]
Not safe
[8, 3, 1, 4, 1, 1]
Not safe
[82, 77, 74, 75, 71]
Not safe
[93, 86, 85, 87, 86, 85, 83, 78]
Not safe
[80, 74, 72, 71, 71, 69, 68, 65]
Not safe
[51, 44, 43, 43, 44]
Not safe
[73, 68, 65, 64, 62, 62, 59, 59]
Not safe
[77, 70, 69, 68, 65, 65, 64, 60]
Not safe
[91, 85, 82, 82, 79, 72]
Not safe
[37, 30, 27, 23, 22, 19, 17]
Not safe
[91, 85, 83, 80, 76, 75, 74, 76]
Not safe
[58, 51, 47, 44, 44]
Not safe
[45, 39, 37, 35, 31, 28, 24]
Not safe
[42, 35, 32, 29, 25, 18]
Not safe
[67, 61, 59, 54, 53, 52]
Not safe
[23, 17, 16, 9, 6, 8]
Not safe
[39, 34, 29, 26, 24, 23, 21, 21]
Not safe
[24, 17, 15, 14, 9, 5]
Not safe
[97, 92, 90, 87, 81, 79, 78, 71]
Not safe
[52, 52, 52, 54, 55, 57, 59, 64]
Not safe
[83, 87, 88, 89, 93, 93]
Not safe
[79, 85, 88, 87, 84]
Not safe
[41, 41, 43, 43, 41]
Not safe
[77, 75, 74, 73, 74, 74]
Not safe
[12, 19, 19, 22, 24, 24]
Not safe
[33, 33, 40, 42, 46]
Not safe
[92, 86, 82, 80, 74]
Not safe
[17, 18, 16, 13, 12, 10, 7, 2]
Not safe
[63, 68, 71, 72, 70, 71, 72, 72]
Not safe
[78, 83, 90, 93, 93]
Not safe
[27, 28, 28, 29, 31, 33, 35, 38]
Removed at index 1
[48, 47, 50, 51, 55]
Not safe
[53, 53, 51, 48, 45]
Removed at index 0
[25, 21, 18, 15, 14, 11, 11, 7]
Not safe
[28, 33, 36, 38, 41, 39, 43]
Not safe
[40, 46, 53, 56, 61]
Not safe
[70, 69, 70, 75, 73]
Not safe
[38, 42, 43, 45, 47, 48, 53]
Not safe
[35, 38, 37, 34, 33, 30, 28]
Removed at index 0
[73, 72, 77, 80, 81]
Not safe
[92, 88, 85, 82, 82, 81, 78, 76]
Not safe
[44, 48, 50, 51, 52, 52, 55, 52]
Not safe
[59, 64, 64, 67, 71]
Not safe
[29, 34, 36, 42, 44, 47, 46]
Not safe
[53, 52, 53, 60, 63, 70]
Not safe
[51, 53, 56, 58, 58, 58]
Not safe
[83, 80, 76, 74, 71, 65]
Not safe
[58, 62, 63, 65, 67, 70]
Removed at index 0
[87, 87, 84, 77, 77]
Not safe
[25, 29, 32, 32, 39]
Not safe
[68, 70, 73, 75, 75, 78, 79, 78]
Not safe
[53, 48, 44, 41, 39, 35]
Not safe
[73, 72, 75, 72, 79]
Not safe
[62, 63, 65, 68, 71, 74, 79]
Not safe
[35, 39, 46, 48, 50, 52, 53, 57]
Not safe
[48, 46, 49, 51, 52, 52, 50]
Not safe
[50, 50, 51, 53, 56, 56, 56]
Not safe
[96, 93, 91, 90, 84]
Not safe
[27, 23, 20, 13, 11, 6]
Not safe
[77, 82, 83, 81, 84]
Not safe
[91, 91, 87, 84, 86]
Not safe
[77, 77, 79, 79, 83]
Not safe
[18, 18, 19, 23, 24, 28]
Not safe
[65, 65, 63, 62, 60, 53]
Not safe
[85, 87, 88, 87, 86, 85, 84, 80]
Not safe
[35, 31, 29, 25, 22, 15]
Not safe
[6, 7, 4, 1, 2]
Not safe
[77, 82, 85, 88, 89, 92, 93, 97]
Not safe
[35, 36, 35, 34, 31, 24, 18]
Not safe
[48, 50, 53, 56, 62, 64]
Not safe
[75, 71, 70, 73, 72, 71, 68, 66]
Not safe
[56, 55, 58, 59, 62, 63, 67, 71]
Not safe
[22, 22, 26, 27, 29, 31, 32, 32]
Not safe
[70, 74, 75, 73, 75, 76, 77, 77]
Not safe
[29, 30, 32, 35, 33, 36, 37, 43]
Not safe
[71, 67, 64, 64, 59]
Not safe
[95, 97, 96, 95, 95, 93, 91, 87]
Not safe
[88, 91, 93, 94, 91, 90]
Not safe
[92, 88, 87, 83, 81, 80, 76]
Not safe
[4, 7, 9, 10, 11, 13, 10]
Not safe
[19, 18, 21, 25, 27, 30, 30]
Not safe
[32, 31, 28, 23, 22, 20, 13]
Not safe
[31, 35, 38, 41, 45, 48, 49]
Not safe
[72, 71, 72, 71, 65]
Not safe
[72, 72, 70, 65, 67]
Not safe
[33, 30, 28, 24, 27]
Removed at index 3
[73, 70, 67, 64, 63, 61, 61]
Removed at index 5
[58, 58, 59, 58, 56, 58]
Not safe
[71, 77, 78, 81, 83, 86, 86]
Not safe
[64, 66, 63, 63, 61]
Not safe
[47, 51, 51, 53, 54, 55, 55]
Not safe
[46, 42, 39, 36, 35, 33, 35, 31]
Not safe
[84, 86, 85, 79, 79]
Not safe
[66, 63, 61, 59, 55, 51]
Not safe
[67, 69, 72, 74, 75, 81, 88]
Not safe
[44, 47, 48, 51, 52, 56, 57, 61]
Not safe
[94, 94, 96, 94, 89]
Not safe
[46, 46, 46, 43, 37]
Not safe
[73, 72, 74, 77, 79, 82, 84, 89]
Not safe
[61, 56, 50, 49, 48, 47, 47]
Not safe
[31, 27, 25, 24, 22, 23, 22, 22]
Not safe
[48, 43, 41, 39, 32]
Not safe
[40, 33, 30, 28, 25, 25, 21]
Not safe
[44, 50, 54, 57, 58, 61, 67]
Not safe
[49, 51, 45, 44, 41, 44]
Not safe
[26, 26, 22, 19, 16, 14, 13]
Not safe
[46, 52, 52, 54, 56, 53]
Not safe
[59, 61, 58, 56, 56, 53, 51, 45]
Not safe
[27, 28, 33, 36, 39, 43]
Not safe
[73, 71, 72, 74, 76, 81, 84, 88]
Not safe
[48, 43, 42, 40, 40, 38]
Not safe
[17, 23, 25, 25, 27, 32]
Not safe
[96, 91, 88, 90, 88, 84]
Not safe
[20, 25, 26, 31, 34]
Not safe
[19, 16, 16, 18, 21, 23, 26, 32]
Not safe
[65, 69, 72, 74, 75, 79]
Not safe
[57, 53, 53, 51, 48, 49]
Not safe
[29, 29, 28, 28, 27, 26, 24, 25]
Not safe
[91, 92, 89, 86, 82, 76]
Not safe
[22, 21, 22, 24, 25, 26, 27]
Removed at index 0
[91, 92, 94, 96, 97, 97]
Removed at index 4
[43, 47, 50, 55, 61]
Not safe
[22, 15, 13, 10, 6, 4, 5]
Not safe
[37, 36, 33, 30, 28, 24, 21]
Not safe
[19, 19, 16, 14, 11, 11, 7]
Not safe
[45, 45, 48, 49, 50, 48, 48]
Not safe
[28, 28, 27, 25, 25]
Not safe
[60, 62, 60, 59, 56, 52, 49, 49]
Not safe
[14, 14, 17, 15, 16, 17, 22]
Not safe
[14, 17, 14, 11, 10, 6]
Not safe
[9, 9, 11, 10, 14]
Not safe
[27, 23, 21, 18, 15, 15]
Not safe
[54, 56, 63, 65, 67, 70, 70]
Not safe
[15, 15, 17, 18, 20, 23, 27]
Not safe
[37, 36, 37, 41, 44, 45]
Not safe
[55, 62, 64, 66, 69, 70, 72, 73]
Removed at index 0
[72, 67, 65, 58, 56, 50]
Not safe
[5, 11, 13, 16, 20, 19]
Not safe
[66, 73, 75, 75, 76, 79, 80, 82]
Not safe
[18, 21, 25, 27, 28]
Not safe
[55, 55, 59, 62, 63, 62]
Not safe
[48, 48, 42, 41, 39, 32]
Not safe
[67, 69, 66, 64, 63, 56, 54]
Not safe
[42, 42, 43, 46, 45, 44]
Not safe
[43, 47, 49, 53, 54, 55, 57, 63]
Not safe
[14, 13, 7, 5, 1]
Not safe
[59, 56, 57, 55, 56, 56]
Not safe
[97, 97, 98, 99, 97]
Not safe
[33, 33, 31, 28, 26, 23, 19]
Not safe
[25, 25, 27, 29, 30]
Removed at index 0
[85, 81, 84, 82, 84]
Not safe
[81, 80, 81, 84, 87, 89, 91, 90]
Not safe
[77, 78, 79, 82, 82, 84, 87, 91]
Not safe
[34, 30, 29, 27, 25, 22, 24]
Not safe
[24, 24, 25, 26, 27, 30, 37]
Not safe
[77, 81, 85, 87, 84]
Not safe
[28, 25, 26, 28, 26, 24]
Not safe
[96, 90, 86, 85, 83, 82, 80]
Not safe
[9, 8, 5, 5, 5]
Not safe
[55, 52, 53, 53, 54, 54]
Not safe
[73, 72, 73, 74, 81, 81]
Not safe
[96, 93, 95, 93, 89]
Not safe
[48, 47, 46, 43, 37, 37]
Not safe
[53, 57, 59, 60, 62, 60, 62, 61]
Not safe
[68, 70, 68, 66, 62, 61, 59, 61]
Not safe
[82, 81, 81, 83, 87]
Not safe
[17, 17, 14, 10, 9, 2]
Not safe
[73, 78, 80, 84, 86]
Not safe
[20, 13, 14, 11, 11]
Not safe
[75, 79, 80, 77, 80, 84]
Not safe
[94, 91, 92, 95, 97, 97]
Not safe
[89, 89, 88, 85, 84, 85, 82, 82]
Not safe
[79, 78, 80, 77, 79, 83]
Not safe
[7, 8, 9, 13, 14, 17, 16]
Not safe
[70, 73, 74, 71, 69, 68]
Not safe
[69, 63, 60, 59, 56, 58, 55, 57]
Not safe
[35, 31, 30, 23, 20, 17, 13]
Not safe
[45, 40, 36, 35, 35]
Not safe
[32, 28, 26, 21, 19, 17, 17]
Not safe
[56, 53, 50, 44, 43, 46]
Not safe
[60, 59, 58, 56, 52]
Not safe
[74, 74, 80, 82, 83, 86]
Not safe
[84, 84, 87, 90, 93, 95, 95]
Not safe
[25, 30, 33, 35, 36, 39, 41, 48]
Not safe
[12, 10, 13, 13, 14, 16, 19]
Not safe
[72, 66, 64, 62, 59, 55]
Not safe
[90, 91, 89, 91, 92, 93, 97]
Not safe
[71, 70, 70, 68, 64]
Not safe
[36, 32, 25, 24, 27]
Not safe
[36, 36, 34, 30, 29, 26, 22]
Not safe
[26, 19, 18, 17, 14, 11]
Removed at index 0
[28, 21, 19, 17, 17]
Not safe
[20, 20, 18, 16, 14, 13, 16]
Not safe
[81, 78, 79, 81, 85, 91]
Not safe
[38, 34, 31, 28, 27, 26, 25, 20]
Not safe
[71, 71, 64, 61, 59, 57]
Not safe
[20, 20, 22, 20, 19]
Not safe
[57, 55, 52, 55, 53, 52]
Not safe
[71, 72, 70, 71, 73, 76, 78, 78]
Not safe
[1, 3, 6, 8, 9, 13, 13]
Not safe
[19, 18, 16, 12, 12]
Not safe
[48, 50, 53, 53, 58]
Not safe
[90, 91, 88, 84, 83, 82, 80, 78]
Not safe
[45, 49, 51, 52, 53, 55, 54]
Not safe
[15, 13, 10, 10, 9, 7]
Removed at index 2
[29, 33, 34, 36, 37, 38, 39, 39]
Not safe
[15, 21, 24, 25, 26, 30, 30]
Not safe
[49, 48, 46, 44, 41, 40, 38, 36]
Safe
[82, 85, 88, 91, 93, 95, 96, 97]
Safe
[70, 73, 75, 78, 81, 84, 87, 88]
Safe
[71, 72, 73, 75, 78, 80]
Safe
[65, 62, 61, 60, 58, 57, 54, 53]
Safe
[89, 91, 94, 95, 98]
Safe
[83, 85, 86, 87, 89, 90]
Safe
[13, 11, 10, 9, 6]
Safe
[69, 70, 71, 73, 76]
Safe
[86, 87, 90, 91, 93, 94]
Safe
[81, 78, 75, 72, 70]
Safe
[75, 78, 79, 82, 84]
Safe
[88, 85, 84, 81, 79, 76]
Safe
[65, 62, 60, 59, 56, 55, 52, 51]
Safe
[90, 88, 87, 85, 82]
Safe
[36, 35, 33, 30, 28, 25, 23]
Safe
[70, 69, 66, 63, 62]
Safe
[4, 5, 7, 8, 11]
Safe
[44, 43, 42, 41, 39]
Safe
[6, 7, 8, 11, 14, 16]
Safe
[27, 28, 30, 31, 32, 33]
Safe
[84, 82, 81, 80, 78, 77, 74]
Safe
[74, 71, 70, 67, 65, 62, 59, 58]
Safe
[53, 56, 59, 61, 63, 65]
Safe
[85, 86, 87, 89, 92, 93, 95, 96]
Safe
[49, 50, 53, 56, 58, 59, 61, 63]
Safe
[72, 69, 66, 65, 63]
Safe
[57, 55, 54, 51, 50, 48]
Safe
[55, 57, 58, 61, 63, 64, 66, 68]
Safe
[19, 21, 24, 26, 27]
Safe
[60, 59, 58, 55, 53, 50, 48, 47]
Safe
[77, 76, 74, 71, 70, 68, 66, 63]
Safe
[3, 4, 7, 10, 11, 14, 15, 17]
Safe
[58, 57, 54, 52, 49]
Safe
[77, 75, 74, 72, 70]
Safe
[80, 77, 74, 72, 70, 68, 67]
Safe
[33, 30, 27, 24, 21, 20, 17]
Safe
[44, 45, 46, 48, 50, 52, 54, 57]
Safe
[72, 73, 76, 78, 81, 82, 85]
Safe
[88, 91, 92, 93, 94, 97, 98, 99]
Safe
[23, 20, 19, 18, 15, 12, 11]
Safe
[39, 40, 43, 44, 45, 48]
Safe
[84, 87, 88, 91, 94, 95]
Safe
[38, 35, 32, 30, 27, 26, 23, 22]
Safe
[34, 35, 36, 38, 41, 42, 43]
Safe
[61, 63, 66, 68, 69]
Safe
[51, 54, 56, 57, 59, 60]
Safe
[63, 66, 67, 70, 71, 74, 77]
Safe
[17, 16, 13, 12, 9, 8]
Safe
[63, 61, 59, 57, 55, 52, 50]
Safe
[61, 64, 65, 67, 70, 72, 74, 76]
Safe
[74, 72, 69, 68, 65, 64]
Safe
[12, 15, 16, 18, 20]
Safe
[97, 95, 94, 91, 88]
Safe
[67, 68, 69, 70, 73, 76, 78]
Safe
[51, 54, 57, 58, 61, 63, 65]
Safe
[45, 44, 41, 38, 36, 35, 32]
Safe
[70, 73, 76, 78, 79, 81, 82]
Safe
[18, 15, 14, 13, 11, 9, 6]
Safe
[44, 41, 40, 39, 36, 35]
Safe
[33, 34, 37, 38, 40]
Safe
[30, 29, 26, 24, 21, 19]
Safe
[29, 30, 31, 32, 33, 36, 38]
Safe
[48, 46, 45, 43, 41, 40]
Safe
[83, 84, 87, 88, 90]
Safe
[48, 49, 51, 52, 53, 54, 57]
Safe
[68, 71, 73, 74, 76, 78, 81, 83]
Safe
[79, 81, 84, 86, 87, 90]
Safe
[63, 64, 67, 68, 71, 73]
Safe
[47, 49, 50, 51, 52, 53, 54, 56]
Safe
[95, 93, 90, 89, 88, 85, 83, 81]
Safe
[46, 44, 42, 41, 40, 38, 35, 34]
Safe
[87, 86, 84, 81, 78, 75, 73]
Safe
[84, 87, 90, 91, 92, 94]
Safe
[87, 86, 83, 81, 80]
Safe
[11, 9, 6, 5, 3, 2]
Safe
[10, 8, 5, 4, 3]
Safe
[49, 46, 44, 43, 40, 38]
Safe
[34, 37, 38, 39, 41, 43, 44, 46]
Safe
[47, 50, 52, 54, 57]
Safe
[87, 86, 84, 81, 78, 75]
Safe
[81, 84, 85, 87, 88, 91, 92, 94]
Safe
[32, 35, 38, 39, 42, 45, 48, 50]
Safe
[74, 73, 71, 70, 69, 68]
Safe
[41, 40, 37, 36, 34, 32, 29, 27]
Safe
[13, 15, 16, 19, 21, 23]
Safe
[17, 16, 14, 12, 10, 7, 4]
Safe
[66, 69, 72, 73, 74, 75, 77]
Safe
[13, 11, 8, 7, 6, 3, 1]
Safe
[13, 16, 17, 20, 21, 23]
Safe
[32, 30, 28, 25, 23, 21]
Safe
[75, 73, 70, 67, 64]
Safe
[22, 23, 26, 27, 30]
Safe
[67, 70, 72, 74, 75, 76, 79]
Safe
[52, 51, 50, 49, 46, 44, 41, 38]
Safe
[64, 62, 59, 57, 55, 54, 52]
Safe
[34, 37, 38, 39, 40, 42, 45]
Safe
[14, 11, 10, 7, 5]
Safe
[1, 4, 6, 9, 11]
Safe
[75, 72, 70, 69, 67, 65, 64]
Safe
[22, 19, 16, 15, 14]
Safe
[86, 85, 84, 83, 82, 79, 77]
Safe
[88, 85, 84, 81, 78, 77, 76, 73]
Safe
[15, 14, 12, 10, 8, 7, 4]
Safe
[53, 54, 57, 60, 63, 64, 66]
Safe
[72, 70, 67, 66, 63, 61]
Safe
[21, 24, 27, 29, 30, 32, 34]
Safe
[21, 19, 18, 17, 15, 14]
Safe
[16, 13, 11, 9, 6]
Safe
[49, 52, 53, 56, 58, 61, 64, 67]
Safe
[57, 56, 54, 51, 48, 46, 43, 41]
Safe
[90, 91, 94, 95, 96, 97, 98]
Safe
[59, 62, 64, 65, 67]
Safe
[33, 30, 27, 24, 21, 18]
Safe
[25, 23, 22, 20, 19, 17]
Safe
[3, 4, 5, 7, 9, 11]
Safe
[57, 54, 52, 50, 47, 44, 43, 41]
Safe
[86, 88, 91, 93, 94]
Safe
[54, 55, 58, 59, 62, 63]
Safe
[91, 94, 95, 96, 99]
Safe
[86, 89, 92, 94, 96]
Safe
[69, 70, 73, 74, 76, 77]
Safe
[3, 6, 7, 8, 10, 13]
Safe
[65, 63, 60, 57, 56, 55, 53]
Safe
[13, 15, 18, 20, 22]
Safe
[14, 13, 11, 10, 7, 6, 3]
Safe
[5, 6, 9, 11, 14, 15]
Safe
[59, 62, 63, 65, 66]
Safe
[62, 65, 67, 69, 70, 71, 74, 75]
Safe
[70, 69, 67, 64, 61, 59]
Safe
[70, 68, 66, 64, 61, 58, 55, 52]
Safe
[3, 6, 7, 8, 9]
Safe
[11, 13, 15, 16, 18, 20, 23]
Safe
[95, 93, 91, 89, 86, 83, 81, 79]
Safe
[25, 23, 22, 21, 18, 17]
Safe
[63, 64, 67, 70, 71, 73]
Safe
[94, 93, 90, 88, 86, 83]
Safe
[86, 84, 83, 80, 78]
Safe
[17, 16, 13, 11, 8, 5, 2, 1]
Safe
[78, 79, 82, 84, 86, 88, 91]
Safe
[69, 68, 67, 65, 63]
Safe
[77, 78, 79, 81, 83, 85, 87, 90]
Safe
[77, 75, 72, 71, 69, 66]
Safe
[76, 77, 80, 81, 83, 85]
Safe
[82, 81, 79, 76, 74, 72]
Safe
[63, 61, 58, 56, 53, 52]
Safe
[65, 66, 69, 71, 74, 77, 78]
Safe
[37, 40, 41, 44, 47]
Safe
[90, 89, 87, 84, 82]
Safe
[69, 72, 73, 76, 78, 81]
Safe
[10, 11, 13, 14, 16, 19, 22]
Safe
[52, 51, 48, 47, 44]
Safe
[75, 76, 79, 81, 84]
Safe
[82, 80, 77, 76, 75, 74]
Safe
[78, 77, 75, 74, 72, 70, 68]
Safe
[12, 13, 15, 16, 17, 20, 22, 25]
Safe
[12, 9, 7, 5, 3, 2]
Safe
[44, 42, 40, 37, 36]
Safe
[65, 67, 69, 70, 73, 75, 78]
Safe
[92, 91, 89, 86, 83, 82]
Safe
[98, 96, 93, 92, 90, 88]
Safe
[77, 74, 72, 71, 70, 69, 68]
Safe
[74, 73, 71, 69, 68]
Safe
[85, 88, 91, 93, 95]
Safe
[12, 10, 9, 6, 5, 3, 1]
Safe
[88, 87, 84, 82, 81, 80]
Safe
[5, 6, 9, 10, 11, 14]
Safe
[20, 19, 17, 16, 14, 12]
Safe
[50, 47, 45, 43, 40, 39]
Safe
[57, 54, 52, 49, 48, 46]
Safe
[79, 80, 81, 82, 85]
Safe
[93, 90, 89, 88, 86]
Safe
[6, 9, 10, 11, 12, 14, 17, 19]
Safe
[4, 7, 9, 10, 12]
Safe
[45, 44, 42, 40, 39]
Safe
[1, 3, 6, 7, 9, 10, 13]
Safe
[37, 36, 33, 31, 28, 26, 25, 22]
Safe
[25, 24, 23, 21, 19]
Safe
[78, 81, 84, 86, 89]
Safe
[23, 21, 19, 16, 13, 10, 9, 7]
Safe
[82, 81, 78, 75, 74, 72, 71, 69]
Safe
[94, 93, 90, 87, 84, 81]
Safe
[90, 89, 87, 84, 82, 81, 78, 76]
Safe
[86, 83, 82, 80, 79, 76, 75, 72]
Safe
[65, 62, 59, 57, 55, 53]
Safe
[41, 44, 47, 50, 53]
Safe
[99, 96, 93, 91, 88, 85, 83, 81]
Safe
[94, 91, 90, 87, 85, 82, 81, 79]
Safe
[50, 47, 45, 44, 42, 40, 39]
Safe
[79, 82, 84, 85, 86, 89, 91]
Safe
[28, 26, 24, 21, 20, 19]
Safe
[22, 23, 25, 26, 27, 29, 30]
Safe
[42, 45, 48, 49, 50, 51]
Safe
[90, 88, 87, 86, 84, 83]
Safe
[14, 15, 16, 18, 21, 24]
Safe
[91, 89, 88, 87, 84, 83]
Safe
[7, 10, 11, 14, 15, 16, 17]
Safe
[60, 58, 56, 55, 52, 51, 48, 47]
Safe
[88, 91, 93, 94, 96]
Safe
[91, 88, 85, 83, 81, 78, 76, 74]
Safe
[54, 51, 50, 48, 45, 42, 41, 40]
Safe
[84, 86, 89, 90, 92, 94, 96]
Safe
[16, 13, 12, 10, 7]
Safe
[47, 49, 51, 53, 54, 55]
Safe
[43, 45, 47, 49, 50, 53]
Safe
[97, 94, 92, 89, 86, 83, 81]
Safe
[85, 88, 89, 90, 92, 93, 94]
Safe
[51, 53, 55, 58, 60, 61, 63, 65]
Safe
[61, 63, 64, 66, 69, 71, 73]
Safe
[60, 58, 57, 56, 54]
Safe
[56, 54, 53, 52, 50]
Safe
[89, 87, 84, 81, 78, 76, 73, 70]
Safe
[15, 16, 17, 20, 21]
Safe
[34, 36, 37, 38, 41, 44]
Safe
[41, 40, 39, 36, 33, 32, 30, 27]
Safe
[91, 92, 94, 96, 97, 98, 99]
Safe
[12, 14, 17, 20, 21]
Safe
[40, 43, 44, 47, 50, 52, 54, 55]
Safe
[49, 52, 53, 54, 56, 59, 61]
Safe
[91, 89, 86, 84, 82, 79, 78, 75]
Safe
[43, 45, 47, 50, 51, 54, 57]
Safe
[51, 48, 45, 42, 41]
Safe
[34, 33, 32, 30, 29]
Safe
[55, 57, 58, 60, 61, 64]
Safe
[62, 59, 58, 55, 54]
Safe
[61, 63, 66, 69, 72, 74]
Safe
[55, 53, 52, 49, 48, 47]
Safe
[20, 22, 25, 27, 30, 32, 34, 35]
Safe
[71, 73, 76, 78, 79, 81]
Safe
[35, 36, 38, 39, 41, 44, 47, 48]
Safe
[60, 63, 66, 69, 71, 73, 76, 79]
Safe
[90, 89, 86, 84, 82, 80]
Safe
[71, 73, 76, 77, 80, 82, 84, 87]
Safe
[81, 82, 83, 86, 87, 89]
Safe
[42, 40, 38, 37, 34]
Safe
[97, 96, 93, 91, 89, 86]
Safe
[11, 12, 15, 16, 18]
Safe
[1, 2, 5, 8, 10, 12]
Safe
[8, 7, 6, 3, 2, 1]
Safe
[71, 70, 67, 65, 64]
Safe
[91, 89, 88, 85, 82, 79]
Safe
[69, 67, 65, 63, 61, 60, 58]
Safe
[53, 52, 50, 49, 46, 44, 42, 41]
Safe
[21, 19, 18, 17, 14, 13, 11]
Safe
[93, 92, 91, 90, 87, 84]
Safe
[34, 31, 29, 27, 26, 24, 23, 20]
Safe
[86, 84, 82, 81, 78, 77]
Safe
[71, 73, 74, 75, 76, 79, 81, 82]
Safe
[28, 31, 32, 33, 34, 36, 39]
Safe
[53, 56, 58, 60, 62, 65, 68, 69]
Safe
[50, 51, 54, 55, 58]
Safe
[59, 61, 64, 65, 66]
Safe
[81, 83, 86, 87, 89]
Safe
[65, 64, 62, 61, 60]
Safe
[75, 74, 72, 71, 68, 67, 64, 63]
Safe
[29, 31, 34, 37, 39, 41, 43, 46]
Safe
[51, 48, 46, 43, 42, 39, 36]
Safe
[34, 35, 38, 39, 42, 45, 48]
Safe
[34, 32, 31, 29, 27, 24, 22, 20]
Safe
[28, 27, 26, 24, 21, 20, 17, 15]
Safe
[27, 30, 31, 33, 35, 37, 39]
Safe
[47, 44, 41, 39, 36, 35]
Safe
[60, 62, 63, 65, 67, 68, 70, 71]
Safe
[28, 31, 32, 34, 37]
Safe
[38, 41, 42, 43, 45]
Safe
[65, 64, 61, 60, 59]
Safe
[78, 81, 84, 86, 87, 90, 91, 93]
Safe
[45, 42, 41, 38, 37, 36]
Safe
[72, 75, 76, 79, 81, 82, 84, 86]
Safe
[81, 78, 77, 74, 73, 72, 69, 66]
Safe
[70, 71, 74, 76, 77, 80, 82, 83]
Safe
[17, 15, 12, 9, 8, 7, 6]
Safe
[42, 44, 45, 48, 51, 53, 55]
Safe
[60, 58, 57, 55, 54]
Safe
[36, 33, 32, 31, 29]
Safe
[49, 50, 53, 54, 56, 58, 60]
Safe
[71, 72, 75, 76, 78, 80, 82, 85]
Safe
[38, 35, 32, 29, 26]
Safe
[30, 33, 36, 37, 40]
Safe
[65, 62, 61, 58, 56, 54, 52]
Safe
[28, 31, 33, 36, 38, 41, 43, 45]
Safe
[85, 83, 81, 80, 79, 77, 74, 71]
Safe
[72, 69, 68, 66, 64, 61]
Safe
[48, 50, 52, 53, 54, 56, 58]
Safe
[78, 80, 81, 83, 86, 88]
Safe
[57, 55, 52, 50, 49, 46, 45, 42]
Safe
[85, 88, 90, 91, 93, 94]
Safe
[91, 89, 87, 86, 83, 82, 80, 77]
Safe
[77, 78, 81, 84, 87, 88, 90, 93]
Safe
[67, 68, 69, 71, 74, 77, 78]
Safe
[65, 64, 61, 59, 58, 57]
Safe
[24, 26, 29, 32, 35, 38]
Safe
[64, 67, 68, 69, 72, 74, 76]
Safe
[82, 80, 77, 75, 73, 70]
Safe
[12, 15, 16, 19, 21, 23, 26, 28]
Safe
[90, 88, 85, 84, 81, 80, 78, 75]
Safe
[18, 20, 22, 23, 25, 28]
Safe
[79, 78, 77, 75, 73]
Safe
[69, 68, 67, 64, 61]
Safe
[58, 60, 62, 64, 66]
Safe
[35, 36, 38, 41, 44, 45]
Safe
[81, 84, 86, 87, 90, 91, 93, 96]
Safe
[78, 75, 72, 70, 67, 64, 61, 60]
Safe
[5, 6, 9, 11, 13, 15, 17]
Safe
[51, 53, 54, 55, 57, 60, 61]
Safe
[41, 38, 36, 34, 31, 29, 28]
Safe
[47, 50, 52, 53, 56, 59, 60]
Safe
[27, 25, 22, 20, 18, 16, 13, 10]
Safe
[46, 48, 50, 51, 52]
Safe
[93, 92, 90, 89, 88]
Safe
[63, 62, 60, 57, 54, 53, 50, 48]
Safe
[82, 84, 86, 87, 90, 91]
Safe
[26, 29, 30, 31, 34, 35, 38, 40]
Safe
[79, 77, 76, 74, 72, 70]
Safe
[25, 27, 28, 30, 31]
Safe
[84, 85, 86, 88, 90, 92]
Safe
[26, 29, 30, 31, 33, 36, 38]
Safe
[59, 62, 65, 66, 69, 70, 71]
Safe
[4, 5, 7, 9, 12]
Safe
[10, 12, 14, 15, 16, 19, 22]
Safe
[44, 47, 50, 53, 56, 59, 62, 63]
Safe
[85, 87, 89, 90, 91, 93]
Safe
[31, 34, 37, 39, 42, 45, 46]
Safe
[32, 33, 34, 35, 36, 37, 39, 40]
Safe
[78, 77, 76, 74, 72]
Safe
[37, 40, 42, 44, 47, 49, 52]
Safe
[11, 9, 8, 6, 4, 3, 2]
Safe
[24, 22, 19, 18, 16, 13]
Safe
[36, 34, 32, 29, 28, 25, 23, 21]
Safe
[87, 84, 81, 79, 76, 75, 73]
Safe
[83, 85, 87, 88, 91, 94, 97, 99]
Safe
[36, 33, 32, 30, 29, 27, 24]
Safe
[86, 85, 83, 82, 79, 77, 74]
Safe
[59, 56, 54, 52, 49, 48, 47]
Safe
[78, 79, 82, 83, 85, 87, 88]
Safe
[36, 39, 42, 45, 47, 50]
Safe
[87, 89, 90, 93, 94, 96, 99]
Safe
[93, 94, 95, 97, 98]
Safe
[20, 17, 15, 14, 11, 9, 6, 3]
Safe
[73, 70, 67, 66, 64]
Safe
[84, 85, 87, 90, 92, 94, 97]
Safe
[49, 46, 45, 43, 40]
Safe
[4, 7, 8, 9, 12]
Safe
[28, 26, 24, 21, 18, 16]
Safe
[15, 16, 19, 20, 23]
Safe
[14, 15, 16, 17, 20, 22]
Safe
[45, 46, 49, 50, 53, 54, 56, 58]
Safe
[58, 57, 55, 54, 51, 49]
Safe
[52, 55, 58, 61, 62, 65, 67, 70]
Safe
[28, 30, 31, 34, 35, 38]
Safe
[40, 38, 35, 32, 30, 29, 26, 24]
Safe
[91, 88, 85, 84, 82, 79, 77]
Safe
[35, 34, 32, 29, 27, 26, 25]
Safe
[60, 57, 55, 52, 51]
Safe
[85, 88, 90, 91, 94, 97]
Safe
[13, 16, 18, 19, 22, 24, 25]
Safe
[41, 42, 43, 44, 45, 48, 49]
Safe
[32, 34, 36, 38, 41, 42]
Safe
[13, 14, 17, 20, 22, 25]
Safe
[51, 48, 46, 44, 43]
Safe
[60, 63, 65, 66, 68, 71, 72, 74]
Safe
[17, 20, 22, 25, 27, 30]
Safe
[75, 77, 80, 82, 85, 87]
Safe
[73, 74, 77, 80, 82, 85]
Safe
[78, 77, 74, 72, 69, 67]
Safe
[21, 19, 17, 15, 13, 11]
Safe
[43, 46, 47, 50, 52]
Safe
[79, 80, 82, 85, 86]
Safe
[74, 76, 78, 80, 82, 84, 87, 90]
Safe
[92, 90, 88, 86, 84, 82, 79]
Safe
[12, 10, 9, 7, 6, 3]
Safe
[11, 9, 8, 7, 6]
Safe
[29, 28, 27, 24, 22, 20]
Safe
[75, 76, 78, 80, 82]
Safe
[66, 64, 62, 60, 57, 56, 55]
Safe
[58, 56, 54, 53, 52, 50, 47, 45]
Safe
[13, 14, 17, 19, 21, 24, 25, 26]
Safe
[14, 17, 19, 22, 25, 27, 30, 32]
Safe
[90, 89, 86, 84, 83, 81, 80]
Safe
[52, 49, 46, 45, 42, 41]
Safe
[39, 40, 41, 43, 46]
Safe
[53, 56, 58, 61, 62]
Safe
[83, 81, 79, 77, 75, 72, 70]
Safe
[59, 60, 62, 65, 66]
Safe
[34, 35, 36, 39, 40, 41, 43, 45]
Safe
[80, 81, 82, 83, 86, 89, 90, 92]
Safe
[17, 16, 14, 11, 10, 8, 5]
Safe
[20, 18, 16, 14, 12, 11, 8, 5]
Safe
[54, 51, 50, 47, 45, 42, 40, 39]
Safe
[96, 93, 92, 90, 89, 87, 85]
Safe
[85, 87, 90, 91, 93, 95, 96, 99]
Safe
[49, 50, 53, 55, 57]
Safe
[16, 19, 21, 24, 25]
Safe
[64, 65, 68, 69, 71, 73]
Safe
[23, 26, 29, 32, 34, 37, 38, 41]
Safe
[79, 82, 85, 87, 90]
Safe
[88, 89, 92, 94, 95, 98]
Safe
[22, 20, 19, 17, 14, 11]
Safe
[74, 72, 71, 69, 66, 64, 61]
Safe
[29, 26, 25, 24, 22, 19]
Safe
[56, 54, 53, 52, 49, 48, 45]
Safe
[28, 31, 34, 36, 37, 38, 40]
Safe
[23, 22, 21, 18, 16, 15, 12]
Safe
[43, 44, 47, 50, 52, 53, 55, 58]
Safe
[92, 91, 88, 85, 82, 80]
Safe
[41, 43, 44, 47, 48, 51, 53]
Safe
[18, 16, 13, 11, 9, 7, 6, 4]
Safe
[84, 85, 88, 90, 91, 92, 93, 96]
Safe
[57, 58, 61, 62, 64, 67, 70, 73]
Safe
[57, 58, 59, 62, 63]
Safe
[26, 24, 23, 21, 18, 17]
Safe
[95, 93, 92, 91, 88, 85, 82]
Safe
[63, 65, 67, 68, 71, 72, 75]
Safe
[85, 86, 89, 92, 95, 97, 99]
Safe
[29, 27, 26, 25, 22, 21, 18]
Safe
[40, 42, 45, 46, 47, 49]
Safe
[43, 45, 47, 49, 50, 53, 55]
Safe
[94, 92, 89, 88, 86, 83, 82, 80]
Safe
[28, 27, 26, 23, 21]
Safe
[85, 88, 90, 92, 94, 96, 97]
Safe
[58, 56, 54, 52, 49, 46, 45, 42]
Safe
[64, 67, 69, 72, 74, 75, 76, 78]
Safe
[8, 10, 11, 13, 16, 19, 20]
Safe
[97, 96, 94, 92, 90]
Safe
[59, 61, 62, 64, 66, 69, 71]
Safe
[74, 73, 70, 68, 66]
Safe
[20, 23, 25, 27, 28, 30, 32]
Safe
[34, 31, 30, 29, 27, 25, 22, 19]
Safe
[44, 42, 40, 39, 38, 36, 34]
Safe
[93, 90, 88, 85, 82, 79, 76, 73]
Safe
[69, 68, 66, 64, 63, 60, 58, 56]
Safe
[13, 12, 10, 8, 7, 6, 5, 3]
Safe
[68, 71, 74, 75, 76]
Safe
[40, 39, 36, 34, 31, 28, 27, 25]
Safe
[48, 45, 44, 42, 39, 38, 37]
Safe
[68, 70, 72, 75, 78, 80, 83]
Safe
[84, 87, 88, 91, 93, 96, 99]
Safe
[45, 44, 41, 39, 37, 35]
Safe
[16, 14, 11, 9, 8, 6, 3, 2]
Safe
[77, 80, 81, 83, 86, 87]
Safe
[18, 21, 23, 26, 27, 28, 30, 31]
Safe
[12, 15, 16, 19, 21, 24]
Safe
[27, 29, 31, 32, 33, 35]
Safe
[77, 76, 74, 73, 70, 67, 64, 63]
Safe
[28, 30, 33, 35, 36, 37, 38]
Safe
[49, 48, 46, 43, 40, 37, 34, 32]
Safe
[75, 77, 80, 82, 83, 85, 88, 91]
Safe
[20, 17, 14, 13, 12, 10, 9, 6]
Safe
[63, 60, 57, 55, 54]
Safe
[18, 21, 24, 25, 26]
Safe
[63, 65, 68, 70, 73]
Safe
[88, 87, 85, 84, 83, 80]
Safe
[61, 64, 67, 68, 70]
Safe
[21, 22, 24, 27, 29, 32, 34]
Safe
[52, 51, 49, 48, 46, 43]
Safe
[82, 81, 78, 76, 74, 73, 71]
Safe
[24, 21, 20, 19, 17]
Safe
[66, 63, 62, 61, 58, 57, 54, 51]
Safe
[69, 66, 64, 62, 61, 59, 57, 56]
Safe
[14, 17, 19, 20, 21, 24]
Safe
[3, 4, 5, 8, 9, 11, 13, 15]
Safe
[81, 79, 78, 75, 74, 73]
Safe
[30, 31, 33, 34, 36, 37, 40]
Safe
[66, 63, 62, 60, 58, 56, 55, 52]
Safe
[15, 16, 18, 20, 21]
Safe
[77, 79, 81, 82, 83, 84, 87]
Safe
[7, 8, 9, 11, 12, 15, 17]
Safe
[19, 16, 14, 12, 10, 8, 7, 6]
Safe
[42, 45, 47, 49, 52]
Safe
[42, 39, 36, 33, 30, 28, 26]
Safe
[32, 30, 28, 25, 22, 21, 20]
Safe
[73, 70, 69, 67, 65, 64]
Safe
[10, 12, 13, 14, 15, 18]
Safe
[72, 69, 66, 64, 63]
Safe
[75, 76, 79, 81, 82, 85, 87]
Safe
[63, 66, 69, 71, 74]
Safe
[17, 14, 13, 10, 8, 7, 5, 2]
Safe
[52, 55, 57, 58, 60, 62]
Safe
[41, 42, 45, 48, 50, 51]
Safe
[61, 60, 58, 56, 55, 54, 51]
Safe
[56, 57, 59, 60, 63, 64, 66]
Safe
[79, 78, 77, 76, 75, 73, 70, 68]
Safe
[93, 91, 89, 87, 85, 84]
Safe
[39, 38, 37, 36, 33, 31, 29, 28]
Safe
[32, 35, 38, 39, 42, 44, 45]
Safe
[12, 15, 18, 19, 22, 25]
Safe
[88, 90, 91, 92, 95, 96, 98]
Safe
[45, 43, 41, 38, 35, 33]
Safe
[22, 20, 17, 16, 14]
Safe
[52, 50, 49, 47, 45, 42]
Safe
[98, 95, 94, 93, 91]
Safe
[6, 7, 9, 10, 11, 12, 15, 18]
Safe
[55, 58, 61, 62, 64, 66, 68]
Safe
[67, 69, 72, 75, 76, 78]
Safe
[96, 93, 90, 87, 84]
Safe
[58, 60, 63, 66, 69]
Safe
[51, 52, 53, 56, 57, 58, 59]
Safe
[24, 26, 29, 32, 35, 36]
Safe
[35, 32, 29, 27, 25, 22, 19, 16]
Safe
[34, 33, 31, 28, 27, 26]
Safe
[45, 44, 41, 38, 37, 34]
Safe
[32, 31, 30, 29, 27, 24, 23]
Safe
[59, 60, 63, 65, 66, 69]
Safe
[61, 59, 58, 55, 53, 51, 48]
Safe
[80, 81, 84, 87, 90, 92]
Safe
[67, 64, 63, 61, 58, 56]
Safe
[58, 61, 64, 65, 67, 68, 69]
Safe
[52, 55, 56, 58, 59, 60]
Safe
[76, 75, 72, 69, 67, 64, 62]
Safe
[78, 81, 82, 83, 85, 88]
Safe
[48, 46, 44, 42, 41, 39, 36, 33]
Safe
[65, 64, 63, 60, 59, 57, 54, 51]
Safe
[56, 58, 59, 60, 61, 63]
Safe
[64, 66, 69, 72, 74, 77, 79, 81]
Safe
[36, 34, 32, 30, 28, 26, 23]
Safe
[82, 80, 79, 77, 76, 74, 72]
Safe
[22, 24, 27, 28, 31]
Safe
[67, 66, 63, 61, 59, 58, 55]
Safe
[55, 57, 59, 62, 63, 64]
Safe
[4, 5, 7, 9, 10, 12, 14]
Safe
[57, 58, 59, 62, 64, 65, 67, 68]
Safe
[21, 19, 16, 14, 11, 10, 8, 5]
Safe
[33, 31, 29, 26, 24, 22, 19]
Safe
[66, 63, 60, 59, 57]
Safe
[54, 51, 50, 47, 46, 44, 43]
Safe
[97, 94, 93, 92, 89, 86]
Safe
[16, 19, 22, 23, 25, 27]
Safe
[46, 44, 43, 41, 40, 39]
Safe
[74, 72, 70, 68, 66, 65, 63, 60]
Safe
[55, 54, 51, 50, 48, 45]
Safe
[17, 18, 21, 22, 23, 26, 28, 30]
Safe
[61, 62, 65, 66, 67]
Safe
[77, 75, 73, 70, 67, 64, 61, 60]
Safe
[48, 50, 53, 56, 59, 61, 64, 65]
Safe
[75, 78, 79, 81, 83, 86]
Safe
[52, 54, 56, 59, 61, 63, 66, 68]
Safe
[45, 42, 40, 39, 36, 35, 32, 31]
Safe
[77, 75, 73, 71, 70]
Safe
[60, 57, 55, 52, 51, 50, 48, 47]
Safe
[70, 73, 75, 77, 79, 82, 84, 85]
Safe
[75, 77, 79, 81, 84, 86, 88]
Safe
[49, 52, 53, 55, 57, 60]
Safe
[80, 81, 83, 84, 85, 87, 90, 93]
Safe
[16, 17, 19, 21, 22, 24]
Safe
[61, 58, 55, 53, 51, 48, 47, 46]
Safe
[70, 68, 65, 63, 61, 58, 55, 54]
Safe
[3, 6, 8, 10, 11]
Safe
[89, 87, 86, 84, 82, 81, 79]
Safe
[27, 29, 32, 33, 36, 38, 41, 43]
Safe
[47, 49, 50, 51, 52, 55, 56]
Safe
[28, 29, 31, 32, 35, 38]
Safe
[90, 89, 88, 87, 85, 84]
Safe
[38, 37, 34, 33, 32, 29, 26, 23]
Safe
[67, 66, 65, 62, 59]
Safe
[66, 63, 61, 60, 59, 58, 57]
Safe
[21, 20, 19, 17, 15, 12, 9, 8]
Safe
[18, 21, 23, 24, 27]
Safe
[8, 10, 13, 15, 16]
Safe
[29, 28, 25, 23, 20]
Safe
[63, 61, 58, 57, 55, 54]
Safe
[53, 54, 55, 58, 60, 63, 64]
Safe
[13, 12, 10, 7, 6, 4]
Safe
[35, 33, 32, 30, 27, 24, 21, 18]
Safe
[69, 67, 64, 63, 61, 60, 58, 55]
Safe
594
